ARM GAS  C:\Users\Georgia\AppData\Local\Temp\ccrWfVpC.s 			page 1


   1              		.syntax unified
   2              		.cpu cortex-m3
   3              		.fpu softvfp
   4              		.eabi_attribute 20, 1
   5              		.eabi_attribute 21, 1
   6              		.eabi_attribute 23, 3
   7              		.eabi_attribute 24, 1
   8              		.eabi_attribute 25, 1
   9              		.eabi_attribute 26, 1
  10              		.eabi_attribute 30, 1
  11              		.eabi_attribute 34, 1
  12              		.eabi_attribute 18, 4
  13              		.thumb
  14              		.file	"cymetadata.c"
  15              		.text
  16              	.Ltext0:
  17              		.cfi_sections	.debug_frame
  18              		.global	cy_metadata
  19              		.global	cy_meta_flashprotect
  20              		.global	cy_meta_wonvl
  21              		.global	cy_meta_custnvl
  22              		.global	cy_meta_configecc
  23              		.section	.cyconfigecc,"a",%progbits
  24              		.align	2
  25              		.type	cy_meta_configecc, %object
  26              		.size	cy_meta_configecc, 288
  27              	cy_meta_configecc:
  28 0000 01       		.byte	1
  29 0001 45       		.byte	69
  30 0002 00       		.byte	0
  31 0003 40       		.byte	64
  32 0004 02       		.byte	2
  33 0005 52       		.byte	82
  34 0006 00       		.byte	0
  35 0007 40       		.byte	64
  36 0008 40       		.byte	64
  37 0009 14       		.byte	20
  38 000a 01       		.byte	1
  39 000b 40       		.byte	64
  40 000c 20       		.byte	32
  41 000d 15       		.byte	21
  42 000e 01       		.byte	1
  43 000f 40       		.byte	64
  44 0010 02       		.byte	2
  45 0011 48       		.byte	72
  46 0012 01       		.byte	1
  47 0013 40       		.byte	64
  48 0014 06       		.byte	6
  49 0015 49       		.byte	73
  50 0016 01       		.byte	1
  51 0017 40       		.byte	64
  52 0018 02       		.byte	2
  53 0019 50       		.byte	80
  54 001a 01       		.byte	1
  55 001b 40       		.byte	64
  56 001c 05       		.byte	5
  57 001d 03       		.byte	3
ARM GAS  C:\Users\Georgia\AppData\Local\Temp\ccrWfVpC.s 			page 2


  58 001e 19       		.byte	25
  59 001f 80       		.byte	-128
  60 0020 78       		.byte	120
  61 0021 01       		.byte	1
  62 0022 40       		.byte	64
  63 0023 40       		.byte	64
  64 0024 41       		.byte	65
  65 0025 05       		.byte	5
  66 0026 45       		.byte	69
  67 0027 01       		.byte	1
  68 0028 47       		.byte	71
  69 0029 20       		.byte	32
  70 002a 48       		.byte	72
  71 002b 31       		.byte	49
  72 002c 49       		.byte	73
  73 002d FF       		.byte	-1
  74 002e 4A       		.byte	74
  75 002f FF       		.byte	-1
  76 0030 4B       		.byte	75
  77 0031 FF       		.byte	-1
  78 0032 4D       		.byte	77
  79 0033 A0       		.byte	-96
  80 0034 4F       		.byte	79
  81 0035 04       		.byte	4
  82 0036 50       		.byte	80
  83 0037 18       		.byte	24
  84 0038 52       		.byte	82
  85 0039 80       		.byte	-128
  86 003a 5A       		.byte	90
  87 003b 04       		.byte	4
  88 003c 5B       		.byte	91
  89 003d 04       		.byte	4
  90 003e 5F       		.byte	95
  91 003f 01       		.byte	1
  92 0040 60       		.byte	96
  93 0041 40       		.byte	64
  94 0042 62       		.byte	98
  95 0043 C0       		.byte	-64
  96 0044 64       		.byte	100
  97 0045 40       		.byte	64
  98 0046 65       		.byte	101
  99 0047 40       		.byte	64
 100 0048 66       		.byte	102
 101 0049 C0       		.byte	-64
 102 004a 68       		.byte	104
 103 004b C0       		.byte	-64
 104 004c 6A       		.byte	106
 105 004d C0       		.byte	-64
 106 004e 6C       		.byte	108
 107 004f C0       		.byte	-64
 108 0050 6E       		.byte	110
 109 0051 C0       		.byte	-64
 110 0052 82       		.byte	-126
 111 0053 02       		.byte	2
 112 0054 85       		.byte	-123
 113 0055 01       		.byte	1
 114 0056 8A       		.byte	-118
ARM GAS  C:\Users\Georgia\AppData\Local\Temp\ccrWfVpC.s 			page 3


 115 0057 01       		.byte	1
 116 0058 8F       		.byte	-113
 117 0059 02       		.byte	2
 118 005a 95       		.byte	-107
 119 005b 01       		.byte	1
 120 005c 9C       		.byte	-100
 121 005d 01       		.byte	1
 122 005e 9F       		.byte	-97
 123 005f 01       		.byte	1
 124 0060 A4       		.byte	-92
 125 0061 01       		.byte	1
 126 0062 B0       		.byte	-80
 127 0063 01       		.byte	1
 128 0064 B1       		.byte	-79
 129 0065 02       		.byte	2
 130 0066 B3       		.byte	-77
 131 0067 01       		.byte	1
 132 0068 B4       		.byte	-76
 133 0069 02       		.byte	2
 134 006a C0       		.byte	-64
 135 006b 20       		.byte	32
 136 006c C1       		.byte	-63
 137 006d 05       		.byte	5
 138 006e C5       		.byte	-59
 139 006f 10       		.byte	16
 140 0070 C6       		.byte	-58
 141 0071 02       		.byte	2
 142 0072 C8       		.byte	-56
 143 0073 0E       		.byte	14
 144 0074 C9       		.byte	-55
 145 0075 FF       		.byte	-1
 146 0076 CA       		.byte	-54
 147 0077 FF       		.byte	-1
 148 0078 CB       		.byte	-53
 149 0079 FF       		.byte	-1
 150 007a CD       		.byte	-51
 151 007b A0       		.byte	-96
 152 007c CF       		.byte	-49
 153 007d 04       		.byte	4
 154 007e D0       		.byte	-48
 155 007f 18       		.byte	24
 156 0080 D2       		.byte	-46
 157 0081 80       		.byte	-128
 158 0082 D8       		.byte	-40
 159 0083 04       		.byte	4
 160 0084 D9       		.byte	-39
 161 0085 04       		.byte	4
 162 0086 DA       		.byte	-38
 163 0087 04       		.byte	4
 164 0088 DB       		.byte	-37
 165 0089 04       		.byte	4
 166 008a DC       		.byte	-36
 167 008b 01       		.byte	1
 168 008c DD       		.byte	-35
 169 008d 11       		.byte	17
 170 008e DF       		.byte	-33
 171 008f 01       		.byte	1
ARM GAS  C:\Users\Georgia\AppData\Local\Temp\ccrWfVpC.s 			page 4


 172 0090 E0       		.byte	-32
 173 0091 40       		.byte	64
 174 0092 E2       		.byte	-30
 175 0093 C0       		.byte	-64
 176 0094 E4       		.byte	-28
 177 0095 40       		.byte	64
 178 0096 E5       		.byte	-27
 179 0097 40       		.byte	64
 180 0098 E6       		.byte	-26
 181 0099 C0       		.byte	-64
 182 009a E8       		.byte	-24
 183 009b C0       		.byte	-64
 184 009c EA       		.byte	-22
 185 009d C0       		.byte	-64
 186 009e EC       		.byte	-20
 187 009f C0       		.byte	-64
 188 00a0 EE       		.byte	-18
 189 00a1 C0       		.byte	-64
 190 00a2 05       		.byte	5
 191 00a3 10       		.byte	16
 192 00a4 06       		.byte	6
 193 00a5 80       		.byte	-128
 194 00a6 0F       		.byte	15
 195 00a7 02       		.byte	2
 196 00a8 16       		.byte	22
 197 00a9 20       		.byte	32
 198 00aa 1D       		.byte	29
 199 00ab 30       		.byte	48
 200 00ac 1F       		.byte	31
 201 00ad 01       		.byte	1
 202 00ae 24       		.byte	36
 203 00af 40       		.byte	64
 204 00b0 27       		.byte	39
 205 00b1 60       		.byte	96
 206 00b2 36       		.byte	54
 207 00b3 08       		.byte	8
 208 00b4 37       		.byte	55
 209 00b5 40       		.byte	64
 210 00b6 3F       		.byte	63
 211 00b7 44       		.byte	68
 212 00b8 40       		.byte	64
 213 00b9 40       		.byte	64
 214 00ba 45       		.byte	69
 215 00bb 20       		.byte	32
 216 00bc 48       		.byte	72
 217 00bd 02       		.byte	2
 218 00be 4B       		.byte	75
 219 00bf 04       		.byte	4
 220 00c0 4F       		.byte	79
 221 00c1 82       		.byte	-126
 222 00c2 50       		.byte	80
 223 00c3 02       		.byte	2
 224 00c4 52       		.byte	82
 225 00c5 08       		.byte	8
 226 00c6 56       		.byte	86
 227 00c7 20       		.byte	32
 228 00c8 57       		.byte	87
ARM GAS  C:\Users\Georgia\AppData\Local\Temp\ccrWfVpC.s 			page 5


 229 00c9 40       		.byte	64
 230 00ca 73       		.byte	115
 231 00cb 40       		.byte	64
 232 00cc 76       		.byte	118
 233 00cd 80       		.byte	-128
 234 00ce 87       		.byte	-121
 235 00cf 20       		.byte	32
 236 00d0 8F       		.byte	-113
 237 00d1 01       		.byte	1
 238 00d2 C0       		.byte	-64
 239 00d3 50       		.byte	80
 240 00d4 C2       		.byte	-62
 241 00d5 80       		.byte	-128
 242 00d6 C4       		.byte	-60
 243 00d7 20       		.byte	32
 244 00d8 CC       		.byte	-52
 245 00d9 50       		.byte	80
 246 00da CE       		.byte	-50
 247 00db 50       		.byte	80
 248 00dc D0       		.byte	-48
 249 00dd 21       		.byte	33
 250 00de D2       		.byte	-46
 251 00df 18       		.byte	24
 252 00e0 E2       		.byte	-30
 253 00e1 40       		.byte	64
 254 00e2 56       		.byte	86
 255 00e3 10       		.byte	16
 256 00e4 D4       		.byte	-44
 257 00e5 40       		.byte	64
 258 00e6 63       		.byte	99
 259 00e7 08       		.byte	8
 260 00e8 86       		.byte	-122
 261 00e9 10       		.byte	16
 262 00ea 8F       		.byte	-113
 263 00eb 04       		.byte	4
 264 00ec 9E       		.byte	-98
 265 00ed 10       		.byte	16
 266 00ee D8       		.byte	-40
 267 00ef 40       		.byte	64
 268 00f0 E2       		.byte	-30
 269 00f1 40       		.byte	64
 270 00f2 10       		.byte	16
 271 00f3 03       		.byte	3
 272 00f4 1A       		.byte	26
 273 00f5 03       		.byte	3
 274 00f6 00       		.byte	0
 275 00f7 00       		.byte	0
 276 00f8 20       		.byte	32
 277 00f9 02       		.byte	2
 278 00fa 02       		.byte	2
 279 00fb 00       		.byte	0
 280 00fc 00       		.byte	0
 281 00fd 00       		.byte	0
 282 00fe 00       		.byte	0
 283 00ff 00       		.byte	0
 284 0100 00       		.byte	0
 285 0101 01       		.byte	1
ARM GAS  C:\Users\Georgia\AppData\Local\Temp\ccrWfVpC.s 			page 6


 286 0102 01       		.byte	1
 287 0103 00       		.byte	0
 288 0104 01       		.byte	1
 289 0105 00       		.byte	0
 290 0106 00       		.byte	0
 291 0107 00       		.byte	0
 292 0108 00       		.byte	0
 293 0109 0B       		.byte	11
 294 010a 0B       		.byte	11
 295 010b 00       		.byte	0
 296 010c 00       		.byte	0
 297 010d 00       		.byte	0
 298 010e 00       		.byte	0
 299 010f 00       		.byte	0
 300 0110 00       		.byte	0
 301 0111 02       		.byte	2
 302 0112 02       		.byte	2
 303 0113 00       		.byte	0
 304 0114 00       		.byte	0
 305 0115 00       		.byte	0
 306 0116 00       		.byte	0
 307 0117 00       		.byte	0
 308 0118 00       		.byte	0
 309 0119 F8       		.byte	-8
 310 011a F8       		.byte	-8
 311 011b 00       		.byte	0
 312 011c 80       		.byte	-128
 313 011d 00       		.byte	0
 314 011e 00       		.byte	0
 315 011f 00       		.byte	0
 316              		.section	.cywolatch,"a",%progbits
 317              		.align	2
 318              		.type	cy_meta_wonvl, %object
 319              		.size	cy_meta_wonvl, 4
 320              	cy_meta_wonvl:
 321 0000 BC       		.byte	-68
 322 0001 90       		.byte	-112
 323 0002 AC       		.byte	-84
 324 0003 AF       		.byte	-81
 325              		.section	.cycustnvl,"a",%progbits
 326              		.align	2
 327              		.type	cy_meta_custnvl, %object
 328              		.size	cy_meta_custnvl, 4
 329              	cy_meta_custnvl:
 330 0000 00       		.byte	0
 331 0001 00       		.byte	0
 332 0002 40       		.byte	64
 333 0003 05       		.byte	5
 334              		.section	.cymeta,"a",%progbits
 335              		.align	2
 336              		.type	cy_metadata, %object
 337              		.size	cy_metadata, 12
 338              	cy_metadata:
 339 0000 00       		.byte	0
 340 0001 01       		.byte	1
 341 0002 2E       		.byte	46
 342 0003 16       		.byte	22
ARM GAS  C:\Users\Georgia\AppData\Local\Temp\ccrWfVpC.s 			page 7


 343 0004 10       		.byte	16
 344 0005 69       		.byte	105
 345 0006 00       		.byte	0
 346 0007 01       		.byte	1
 347 0008 00       		.byte	0
 348 0009 00       		.byte	0
 349 000a 00       		.byte	0
 350 000b 00       		.byte	0
 351              		.section	.cyflashprotect,"a",%progbits
 352              		.align	2
 353              		.type	cy_meta_flashprotect, %object
 354              		.size	cy_meta_flashprotect, 256
 355              	cy_meta_flashprotect:
 356 0000 00000000 		.space	256
 356      00000000 
 356      00000000 
 356      00000000 
 356      00000000 
 357              		.text
 358              	.Letext0:
 359              		.file 1 "Generated_Source\\PSoC5\\cymetadata.c"
 360              		.file 2 "Generated_Source\\PSoC5\\cytypes.h"
 361              		.section	.debug_info,"",%progbits
 362              	.Ldebug_info0:
 363 0000 37010000 		.4byte	0x137
 364 0004 0400     		.2byte	0x4
 365 0006 00000000 		.4byte	.Ldebug_abbrev0
 366 000a 04       		.byte	0x4
 367 000b 01       		.uleb128 0x1
 368 000c B1000000 		.4byte	.LASF18
 369 0010 01       		.byte	0x1
 370 0011 C7010000 		.4byte	.LASF19
 371 0015 00000000 		.4byte	.LASF20
 372 0019 00000000 		.4byte	.Ldebug_line0
 373 001d 02       		.uleb128 0x2
 374 001e 01       		.byte	0x1
 375 001f 06       		.byte	0x6
 376 0020 BB010000 		.4byte	.LASF0
 377 0024 02       		.uleb128 0x2
 378 0025 01       		.byte	0x1
 379 0026 08       		.byte	0x8
 380 0027 55000000 		.4byte	.LASF1
 381 002b 02       		.uleb128 0x2
 382 002c 02       		.byte	0x2
 383 002d 05       		.byte	0x5
 384 002e A2010000 		.4byte	.LASF2
 385 0032 02       		.uleb128 0x2
 386 0033 02       		.byte	0x2
 387 0034 07       		.byte	0x7
 388 0035 75000000 		.4byte	.LASF3
 389 0039 02       		.uleb128 0x2
 390 003a 04       		.byte	0x4
 391 003b 05       		.byte	0x5
 392 003c B2010000 		.4byte	.LASF4
 393 0040 02       		.uleb128 0x2
 394 0041 04       		.byte	0x4
 395 0042 07       		.byte	0x7
ARM GAS  C:\Users\Georgia\AppData\Local\Temp\ccrWfVpC.s 			page 8


 396 0043 63000000 		.4byte	.LASF5
 397 0047 02       		.uleb128 0x2
 398 0048 08       		.byte	0x8
 399 0049 05       		.byte	0x5
 400 004a 8F010000 		.4byte	.LASF6
 401 004e 02       		.uleb128 0x2
 402 004f 08       		.byte	0x8
 403 0050 07       		.byte	0x7
 404 0051 4C010000 		.4byte	.LASF7
 405 0055 03       		.uleb128 0x3
 406 0056 04       		.byte	0x4
 407 0057 05       		.byte	0x5
 408 0058 696E7400 		.ascii	"int\000"
 409 005c 02       		.uleb128 0x2
 410 005d 04       		.byte	0x4
 411 005e 07       		.byte	0x7
 412 005f 3F010000 		.4byte	.LASF8
 413 0063 04       		.uleb128 0x4
 414 0064 AC010000 		.4byte	.LASF21
 415 0068 02       		.byte	0x2
 416 0069 9201     		.2byte	0x192
 417 006b 24000000 		.4byte	0x24
 418 006f 02       		.uleb128 0x2
 419 0070 04       		.byte	0x4
 420 0071 04       		.byte	0x4
 421 0072 4F000000 		.4byte	.LASF9
 422 0076 02       		.uleb128 0x2
 423 0077 08       		.byte	0x8
 424 0078 04       		.byte	0x4
 425 0079 88000000 		.4byte	.LASF10
 426 007d 02       		.uleb128 0x2
 427 007e 01       		.byte	0x1
 428 007f 08       		.byte	0x8
 429 0080 9D010000 		.4byte	.LASF11
 430 0084 05       		.uleb128 0x5
 431 0085 63000000 		.4byte	0x63
 432 0089 95000000 		.4byte	0x95
 433 008d 06       		.uleb128 0x6
 434 008e 95000000 		.4byte	0x95
 435 0092 1F01     		.2byte	0x11f
 436 0094 00       		.byte	0
 437 0095 02       		.uleb128 0x2
 438 0096 04       		.byte	0x4
 439 0097 07       		.byte	0x7
 440 0098 86010000 		.4byte	.LASF12
 441 009c 07       		.uleb128 0x7
 442 009d 9F000000 		.4byte	.LASF13
 443 00a1 01       		.byte	0x1
 444 00a2 1F       		.byte	0x1f
 445 00a3 AD000000 		.4byte	0xad
 446 00a7 05       		.uleb128 0x5
 447 00a8 03       		.byte	0x3
 448 00a9 00000000 		.4byte	cy_meta_configecc
 449 00ad 08       		.uleb128 0x8
 450 00ae 84000000 		.4byte	0x84
 451 00b2 05       		.uleb128 0x5
 452 00b3 63000000 		.4byte	0x63
ARM GAS  C:\Users\Georgia\AppData\Local\Temp\ccrWfVpC.s 			page 9


 453 00b7 C2000000 		.4byte	0xc2
 454 00bb 09       		.uleb128 0x9
 455 00bc 95000000 		.4byte	0x95
 456 00c0 03       		.byte	0x3
 457 00c1 00       		.byte	0
 458 00c2 07       		.uleb128 0x7
 459 00c3 8F000000 		.4byte	.LASF14
 460 00c7 01       		.byte	0x1
 461 00c8 50       		.byte	0x50
 462 00c9 D3000000 		.4byte	0xd3
 463 00cd 05       		.uleb128 0x5
 464 00ce 03       		.byte	0x3
 465 00cf 00000000 		.4byte	cy_meta_custnvl
 466 00d3 08       		.uleb128 0x8
 467 00d4 B2000000 		.4byte	0xb2
 468 00d8 07       		.uleb128 0x7
 469 00d9 78010000 		.4byte	.LASF15
 470 00dd 01       		.byte	0x1
 471 00de 5E       		.byte	0x5e
 472 00df E9000000 		.4byte	0xe9
 473 00e3 05       		.uleb128 0x5
 474 00e4 03       		.byte	0x3
 475 00e5 00000000 		.4byte	cy_meta_wonvl
 476 00e9 08       		.uleb128 0x8
 477 00ea B2000000 		.4byte	0xb2
 478 00ee 05       		.uleb128 0x5
 479 00ef 63000000 		.4byte	0x63
 480 00f3 FE000000 		.4byte	0xfe
 481 00f7 09       		.uleb128 0x9
 482 00f8 95000000 		.4byte	0x95
 483 00fc FF       		.byte	0xff
 484 00fd 00       		.byte	0
 485 00fe 07       		.uleb128 0x7
 486 00ff 63010000 		.4byte	.LASF16
 487 0103 01       		.byte	0x1
 488 0104 6C       		.byte	0x6c
 489 0105 0F010000 		.4byte	0x10f
 490 0109 05       		.uleb128 0x5
 491 010a 03       		.byte	0x3
 492 010b 00000000 		.4byte	cy_meta_flashprotect
 493 010f 08       		.uleb128 0x8
 494 0110 EE000000 		.4byte	0xee
 495 0114 05       		.uleb128 0x5
 496 0115 63000000 		.4byte	0x63
 497 0119 24010000 		.4byte	0x124
 498 011d 09       		.uleb128 0x9
 499 011e 95000000 		.4byte	0x95
 500 0122 0B       		.byte	0xb
 501 0123 00       		.byte	0
 502 0124 07       		.uleb128 0x7
 503 0125 43000000 		.4byte	.LASF17
 504 0129 01       		.byte	0x1
 505 012a 99       		.byte	0x99
 506 012b 35010000 		.4byte	0x135
 507 012f 05       		.uleb128 0x5
 508 0130 03       		.byte	0x3
 509 0131 00000000 		.4byte	cy_metadata
ARM GAS  C:\Users\Georgia\AppData\Local\Temp\ccrWfVpC.s 			page 10


 510 0135 08       		.uleb128 0x8
 511 0136 14010000 		.4byte	0x114
 512 013a 00       		.byte	0
 513              		.section	.debug_abbrev,"",%progbits
 514              	.Ldebug_abbrev0:
 515 0000 01       		.uleb128 0x1
 516 0001 11       		.uleb128 0x11
 517 0002 01       		.byte	0x1
 518 0003 25       		.uleb128 0x25
 519 0004 0E       		.uleb128 0xe
 520 0005 13       		.uleb128 0x13
 521 0006 0B       		.uleb128 0xb
 522 0007 03       		.uleb128 0x3
 523 0008 0E       		.uleb128 0xe
 524 0009 1B       		.uleb128 0x1b
 525 000a 0E       		.uleb128 0xe
 526 000b 10       		.uleb128 0x10
 527 000c 17       		.uleb128 0x17
 528 000d 00       		.byte	0
 529 000e 00       		.byte	0
 530 000f 02       		.uleb128 0x2
 531 0010 24       		.uleb128 0x24
 532 0011 00       		.byte	0
 533 0012 0B       		.uleb128 0xb
 534 0013 0B       		.uleb128 0xb
 535 0014 3E       		.uleb128 0x3e
 536 0015 0B       		.uleb128 0xb
 537 0016 03       		.uleb128 0x3
 538 0017 0E       		.uleb128 0xe
 539 0018 00       		.byte	0
 540 0019 00       		.byte	0
 541 001a 03       		.uleb128 0x3
 542 001b 24       		.uleb128 0x24
 543 001c 00       		.byte	0
 544 001d 0B       		.uleb128 0xb
 545 001e 0B       		.uleb128 0xb
 546 001f 3E       		.uleb128 0x3e
 547 0020 0B       		.uleb128 0xb
 548 0021 03       		.uleb128 0x3
 549 0022 08       		.uleb128 0x8
 550 0023 00       		.byte	0
 551 0024 00       		.byte	0
 552 0025 04       		.uleb128 0x4
 553 0026 16       		.uleb128 0x16
 554 0027 00       		.byte	0
 555 0028 03       		.uleb128 0x3
 556 0029 0E       		.uleb128 0xe
 557 002a 3A       		.uleb128 0x3a
 558 002b 0B       		.uleb128 0xb
 559 002c 3B       		.uleb128 0x3b
 560 002d 05       		.uleb128 0x5
 561 002e 49       		.uleb128 0x49
 562 002f 13       		.uleb128 0x13
 563 0030 00       		.byte	0
 564 0031 00       		.byte	0
 565 0032 05       		.uleb128 0x5
 566 0033 01       		.uleb128 0x1
ARM GAS  C:\Users\Georgia\AppData\Local\Temp\ccrWfVpC.s 			page 11


 567 0034 01       		.byte	0x1
 568 0035 49       		.uleb128 0x49
 569 0036 13       		.uleb128 0x13
 570 0037 01       		.uleb128 0x1
 571 0038 13       		.uleb128 0x13
 572 0039 00       		.byte	0
 573 003a 00       		.byte	0
 574 003b 06       		.uleb128 0x6
 575 003c 21       		.uleb128 0x21
 576 003d 00       		.byte	0
 577 003e 49       		.uleb128 0x49
 578 003f 13       		.uleb128 0x13
 579 0040 2F       		.uleb128 0x2f
 580 0041 05       		.uleb128 0x5
 581 0042 00       		.byte	0
 582 0043 00       		.byte	0
 583 0044 07       		.uleb128 0x7
 584 0045 34       		.uleb128 0x34
 585 0046 00       		.byte	0
 586 0047 03       		.uleb128 0x3
 587 0048 0E       		.uleb128 0xe
 588 0049 3A       		.uleb128 0x3a
 589 004a 0B       		.uleb128 0xb
 590 004b 3B       		.uleb128 0x3b
 591 004c 0B       		.uleb128 0xb
 592 004d 49       		.uleb128 0x49
 593 004e 13       		.uleb128 0x13
 594 004f 3F       		.uleb128 0x3f
 595 0050 19       		.uleb128 0x19
 596 0051 02       		.uleb128 0x2
 597 0052 18       		.uleb128 0x18
 598 0053 00       		.byte	0
 599 0054 00       		.byte	0
 600 0055 08       		.uleb128 0x8
 601 0056 26       		.uleb128 0x26
 602 0057 00       		.byte	0
 603 0058 49       		.uleb128 0x49
 604 0059 13       		.uleb128 0x13
 605 005a 00       		.byte	0
 606 005b 00       		.byte	0
 607 005c 09       		.uleb128 0x9
 608 005d 21       		.uleb128 0x21
 609 005e 00       		.byte	0
 610 005f 49       		.uleb128 0x49
 611 0060 13       		.uleb128 0x13
 612 0061 2F       		.uleb128 0x2f
 613 0062 0B       		.uleb128 0xb
 614 0063 00       		.byte	0
 615 0064 00       		.byte	0
 616 0065 00       		.byte	0
 617              		.section	.debug_aranges,"",%progbits
 618 0000 14000000 		.4byte	0x14
 619 0004 0200     		.2byte	0x2
 620 0006 00000000 		.4byte	.Ldebug_info0
 621 000a 04       		.byte	0x4
 622 000b 00       		.byte	0
 623 000c 0000     		.2byte	0
ARM GAS  C:\Users\Georgia\AppData\Local\Temp\ccrWfVpC.s 			page 12


 624 000e 0000     		.2byte	0
 625 0010 00000000 		.4byte	0
 626 0014 00000000 		.4byte	0
 627              		.section	.debug_line,"",%progbits
 628              	.Ldebug_line0:
 629 0000 4D000000 		.section	.debug_str,"MS",%progbits,1
 629      02004700 
 629      00000201 
 629      FB0E0D00 
 629      01010101 
 630              	.LASF20:
 631 0000 433A5C55 		.ascii	"C:\\Users\\Georgia\\Documents\\478-Lab\\Workspace01"
 631      73657273 
 631      5C47656F 
 631      72676961 
 631      5C446F63 
 632 002e 5C46696E 		.ascii	"\\Final project.cydsn\000"
 632      616C2070 
 632      726F6A65 
 632      63742E63 
 632      7964736E 
 633              	.LASF17:
 634 0043 63795F6D 		.ascii	"cy_metadata\000"
 634      65746164 
 634      61746100 
 635              	.LASF9:
 636 004f 666C6F61 		.ascii	"float\000"
 636      7400
 637              	.LASF1:
 638 0055 756E7369 		.ascii	"unsigned char\000"
 638      676E6564 
 638      20636861 
 638      7200
 639              	.LASF5:
 640 0063 6C6F6E67 		.ascii	"long unsigned int\000"
 640      20756E73 
 640      69676E65 
 640      6420696E 
 640      7400
 641              	.LASF3:
 642 0075 73686F72 		.ascii	"short unsigned int\000"
 642      7420756E 
 642      7369676E 
 642      65642069 
 642      6E7400
 643              	.LASF10:
 644 0088 646F7562 		.ascii	"double\000"
 644      6C6500
 645              	.LASF14:
 646 008f 63795F6D 		.ascii	"cy_meta_custnvl\000"
 646      6574615F 
 646      63757374 
 646      6E766C00 
 647              	.LASF13:
 648 009f 63795F6D 		.ascii	"cy_meta_configecc\000"
 648      6574615F 
 648      636F6E66 
ARM GAS  C:\Users\Georgia\AppData\Local\Temp\ccrWfVpC.s 			page 13


 648      69676563 
 648      6300
 649              	.LASF18:
 650 00b1 474E5520 		.ascii	"GNU C 4.9.3 20150303 (release) [ARM/embedded-4_9-br"
 650      4320342E 
 650      392E3320 
 650      32303135 
 650      30333033 
 651 00e4 616E6368 		.ascii	"anch revision 221220] -mcpu=cortex-m3 -mthumb -g -O"
 651      20726576 
 651      6973696F 
 651      6E203232 
 651      31323230 
 652 0117 67202D66 		.ascii	"g -ffunction-sections -ffat-lto-objects\000"
 652      66756E63 
 652      74696F6E 
 652      2D736563 
 652      74696F6E 
 653              	.LASF8:
 654 013f 756E7369 		.ascii	"unsigned int\000"
 654      676E6564 
 654      20696E74 
 654      00
 655              	.LASF7:
 656 014c 6C6F6E67 		.ascii	"long long unsigned int\000"
 656      206C6F6E 
 656      6720756E 
 656      7369676E 
 656      65642069 
 657              	.LASF16:
 658 0163 63795F6D 		.ascii	"cy_meta_flashprotect\000"
 658      6574615F 
 658      666C6173 
 658      6870726F 
 658      74656374 
 659              	.LASF15:
 660 0178 63795F6D 		.ascii	"cy_meta_wonvl\000"
 660      6574615F 
 660      776F6E76 
 660      6C00
 661              	.LASF12:
 662 0186 73697A65 		.ascii	"sizetype\000"
 662      74797065 
 662      00
 663              	.LASF6:
 664 018f 6C6F6E67 		.ascii	"long long int\000"
 664      206C6F6E 
 664      6720696E 
 664      7400
 665              	.LASF11:
 666 019d 63686172 		.ascii	"char\000"
 666      00
 667              	.LASF2:
 668 01a2 73686F72 		.ascii	"short int\000"
 668      7420696E 
 668      7400
 669              	.LASF21:
ARM GAS  C:\Users\Georgia\AppData\Local\Temp\ccrWfVpC.s 			page 14


 670 01ac 75696E74 		.ascii	"uint8\000"
 670      3800
 671              	.LASF4:
 672 01b2 6C6F6E67 		.ascii	"long int\000"
 672      20696E74 
 672      00
 673              	.LASF0:
 674 01bb 7369676E 		.ascii	"signed char\000"
 674      65642063 
 674      68617200 
 675              	.LASF19:
 676 01c7 47656E65 		.ascii	"Generated_Source\\PSoC5\\cymetadata.c\000"
 676      72617465 
 676      645F536F 
 676      75726365 
 676      5C50536F 
 677              		.ident	"GCC: (GNU Tools for ARM Embedded Processors) 4.9.3 20150303 (release) [ARM/embedded-4_9-br
