ARM GAS  C:\Users\Georgia\AppData\Local\Temp\ccJTlNFA.s 			page 1


   1              		.syntax unified
   2              		.cpu cortex-m3
   3              		.fpu softvfp
   4              		.eabi_attribute 20, 1
   5              		.eabi_attribute 21, 1
   6              		.eabi_attribute 23, 3
   7              		.eabi_attribute 24, 1
   8              		.eabi_attribute 25, 1
   9              		.eabi_attribute 26, 1
  10              		.eabi_attribute 30, 1
  11              		.eabi_attribute 34, 1
  12              		.eabi_attribute 18, 4
  13              		.thumb
  14              		.file	"main.c"
  15              		.text
  16              	.Ltext0:
  17              		.cfi_sections	.debug_frame
  18              		.section	.text.forward,"ax",%progbits
  19              		.align	2
  20              		.global	forward
  21              		.thumb
  22              		.thumb_func
  23              		.type	forward, %function
  24              	forward:
  25              	.LFB65:
  26              		.file 1 "main.c"
   1:main.c        **** /* ========================================
   2:main.c        ****  *
   3:main.c        ****  * Copyright YOUR COMPANY, THE YEAR
   4:main.c        ****  * All Rights Reserved
   5:main.c        ****  * UNPUBLISHED, LICENSED SOFTWARE.
   6:main.c        ****  *
   7:main.c        ****  * CONFIDENTIAL AND PROPRIETARY INFORMATION
   8:main.c        ****  * WHICH IS THE PROPERTY OF your company.
   9:main.c        ****  *
  10:main.c        ****  * ========================================
  11:main.c        **** */
  12:main.c        **** #include "project.h"
  13:main.c        **** #include <time.h>
  14:main.c        **** 
  15:main.c        **** void forward();
  16:main.c        **** void back();
  17:main.c        **** void left();
  18:main.c        **** void right();
  19:main.c        **** void stop();
  20:main.c        **** //void obstacle(void);
  21:main.c        **** //uint8 turned =0;
  22:main.c        **** //uint8 obstacleSide =0;
  23:main.c        **** 
  24:main.c        **** //CY_ISR_PROTO(isr_1);
  25:main.c        **** 
  26:main.c        **** int turned=0;
  27:main.c        **** 
  28:main.c        **** CY_ISR(GPIO_PSOC1_In_Handler){
  29:main.c        ****    stop();
  30:main.c        ****    CyDelay(100);
  31:main.c        ****    //back();
ARM GAS  C:\Users\Georgia\AppData\Local\Temp\ccJTlNFA.s 			page 2


  32:main.c        ****    //CyDelay(100);
  33:main.c        ****    forward();
  34:main.c        ****    CyDelay(100);
  35:main.c        ****     LED_pin_Write(0);
  36:main.c        ****    //left();
  37:main.c        ****    if(turned==0){
  38:main.c        ****         left();
  39:main.c        ****         turned = 1;
  40:main.c        ****         CyDelay(1000);
  41:main.c        ****         stop();
  42:main.c        ****         GPIO_PSOC1_Out_Write(1);
  43:main.c        ****         CyDelay(100);
  44:main.c        ****         GPIO_PSOC1_In_ClearInterrupt();
  45:main.c        ****         //stop();
  46:main.c        ****     }
  47:main.c        ****     else if(turned==1){
  48:main.c        ****         right();//right();//180 degree turn
  49:main.c        ****         turned=2;
  50:main.c        ****         CyDelay(1000);
  51:main.c        ****         stop();
  52:main.c        ****         GPIO_PSOC1_Out_Write(1);
  53:main.c        ****         CyDelay(100);
  54:main.c        ****         GPIO_PSOC1_In_ClearInterrupt();
  55:main.c        ****         //stop();
  56:main.c        ****     }
  57:main.c        ****     else{
  58:main.c        ****         right();
  59:main.c        ****         turned=0;
  60:main.c        ****         CyDelay(1000);
  61:main.c        ****         stop();
  62:main.c        ****         GPIO_PSOC1_Out_Write(1);
  63:main.c        ****         CyDelay(100);
  64:main.c        ****         GPIO_PSOC1_In_ClearInterrupt();
  65:main.c        ****         //stop();
  66:main.c        ****     }
  67:main.c        ****     CyDelay(500);
  68:main.c        ****     turned++;
  69:main.c        ****     GPIO_PSOC1_Out_Write(1);
  70:main.c        ****     GPIO_PSOC1_In_ClearInterrupt();
  71:main.c        **** }
  72:main.c        **** 
  73:main.c        **** int main(void)
  74:main.c        **** {
  75:main.c        ****     CyGlobalIntEnable; /* Enable global interrupts. */
  76:main.c        **** 
  77:main.c        ****     isr_1_StartEx(GPIO_PSOC1_In_Handler);
  78:main.c        ****     /* Place your initialization/startup code here (e.g. MyInst_Start()) */
  79:main.c        ****     PWM_1_Enable();
  80:main.c        ****     PWM_1_Init();
  81:main.c        ****     PWM_2_Enable();
  82:main.c        ****     PWM_2_Init();
  83:main.c        ****     PWM_1_Start();
  84:main.c        ****     PWM_2_Start();
  85:main.c        ****     
  86:main.c        **** 
  87:main.c        ****     for(;;)
  88:main.c        ****     {
ARM GAS  C:\Users\Georgia\AppData\Local\Temp\ccJTlNFA.s 			page 3


  89:main.c        ****         GPIO_PSOC1_Out_Write(0);
  90:main.c        ****         LED_pin_Write(1);
  91:main.c        ****         forward();
  92:main.c        ****         //CyDelay(1000);
  93:main.c        ****         
  94:main.c        ****     }
  95:main.c        **** }
  96:main.c        **** 
  97:main.c        **** void forward(){
  27              		.loc 1 97 0
  28              		.cfi_startproc
  29              		@ args = 0, pretend = 0, frame = 0
  30              		@ frame_needed = 0, uses_anonymous_args = 0
  31 0000 08B5     		push	{r3, lr}
  32              		.cfi_def_cfa_offset 8
  33              		.cfi_offset 3, -8
  34              		.cfi_offset 14, -4
  98:main.c        ****     PWM_1_Start();
  35              		.loc 1 98 0
  36 0002 FFF7FEFF 		bl	PWM_1_Start
  37              	.LVL0:
  99:main.c        ****     PWM_2_Start();
  38              		.loc 1 99 0
  39 0006 FFF7FEFF 		bl	PWM_2_Start
  40              	.LVL1:
 100:main.c        ****     Pin_1_Write(1);
  41              		.loc 1 100 0
  42 000a 0120     		movs	r0, #1
  43 000c FFF7FEFF 		bl	Pin_1_Write
  44              	.LVL2:
 101:main.c        ****     Pin_4_Write(1);
  45              		.loc 1 101 0
  46 0010 0120     		movs	r0, #1
  47 0012 FFF7FEFF 		bl	Pin_4_Write
  48              	.LVL3:
  49 0016 08BD     		pop	{r3, pc}
  50              		.cfi_endproc
  51              	.LFE65:
  52              		.size	forward, .-forward
  53              		.section	.text.main,"ax",%progbits
  54              		.align	2
  55              		.global	main
  56              		.thumb
  57              		.thumb_func
  58              		.type	main, %function
  59              	main:
  60              	.LFB64:
  74:main.c        ****     CyGlobalIntEnable; /* Enable global interrupts. */
  61              		.loc 1 74 0
  62              		.cfi_startproc
  63              		@ Volatile: function does not return.
  64              		@ args = 0, pretend = 0, frame = 0
  65              		@ frame_needed = 0, uses_anonymous_args = 0
  66 0000 08B5     		push	{r3, lr}
  67              		.cfi_def_cfa_offset 8
  68              		.cfi_offset 3, -8
  69              		.cfi_offset 14, -4
ARM GAS  C:\Users\Georgia\AppData\Local\Temp\ccJTlNFA.s 			page 4


  75:main.c        **** 
  70              		.loc 1 75 0
  71              	@ 75 "main.c" 1
  72 0002 62B6     		CPSIE   i
  73              	@ 0 "" 2
  77:main.c        ****     /* Place your initialization/startup code here (e.g. MyInst_Start()) */
  74              		.loc 1 77 0
  75              		.thumb
  76 0004 0B48     		ldr	r0, .L6
  77 0006 FFF7FEFF 		bl	isr_1_StartEx
  78              	.LVL4:
  79:main.c        ****     PWM_1_Init();
  79              		.loc 1 79 0
  80 000a FFF7FEFF 		bl	PWM_1_Enable
  81              	.LVL5:
  80:main.c        ****     PWM_2_Enable();
  82              		.loc 1 80 0
  83 000e FFF7FEFF 		bl	PWM_1_Init
  84              	.LVL6:
  81:main.c        ****     PWM_2_Init();
  85              		.loc 1 81 0
  86 0012 FFF7FEFF 		bl	PWM_2_Enable
  87              	.LVL7:
  82:main.c        ****     PWM_1_Start();
  88              		.loc 1 82 0
  89 0016 FFF7FEFF 		bl	PWM_2_Init
  90              	.LVL8:
  83:main.c        ****     PWM_2_Start();
  91              		.loc 1 83 0
  92 001a FFF7FEFF 		bl	PWM_1_Start
  93              	.LVL9:
  84:main.c        ****     
  94              		.loc 1 84 0
  95 001e FFF7FEFF 		bl	PWM_2_Start
  96              	.LVL10:
  97              	.L4:
  89:main.c        ****         LED_pin_Write(1);
  98              		.loc 1 89 0 discriminator 1
  99 0022 0020     		movs	r0, #0
 100 0024 FFF7FEFF 		bl	GPIO_PSOC1_Out_Write
 101              	.LVL11:
  90:main.c        ****         forward();
 102              		.loc 1 90 0 discriminator 1
 103 0028 0120     		movs	r0, #1
 104 002a FFF7FEFF 		bl	LED_pin_Write
 105              	.LVL12:
  91:main.c        ****         //CyDelay(1000);
 106              		.loc 1 91 0 discriminator 1
 107 002e FFF7FEFF 		bl	forward
 108              	.LVL13:
  94:main.c        **** }
 109              		.loc 1 94 0 discriminator 1
 110 0032 F6E7     		b	.L4
 111              	.L7:
 112              		.align	2
 113              	.L6:
 114 0034 00000000 		.word	GPIO_PSOC1_In_Handler
ARM GAS  C:\Users\Georgia\AppData\Local\Temp\ccJTlNFA.s 			page 5


 115              		.cfi_endproc
 116              	.LFE64:
 117              		.size	main, .-main
 118              		.section	.text.back,"ax",%progbits
 119              		.align	2
 120              		.global	back
 121              		.thumb
 122              		.thumb_func
 123              		.type	back, %function
 124              	back:
 125              	.LFB66:
 102:main.c        **** }
 103:main.c        **** void back(){
 126              		.loc 1 103 0
 127              		.cfi_startproc
 128              		@ args = 0, pretend = 0, frame = 0
 129              		@ frame_needed = 0, uses_anonymous_args = 0
 130 0000 08B5     		push	{r3, lr}
 131              		.cfi_def_cfa_offset 8
 132              		.cfi_offset 3, -8
 133              		.cfi_offset 14, -4
 104:main.c        ****     PWM_1_Start();
 134              		.loc 1 104 0
 135 0002 FFF7FEFF 		bl	PWM_1_Start
 136              	.LVL14:
 105:main.c        ****     PWM_2_Start();
 137              		.loc 1 105 0
 138 0006 FFF7FEFF 		bl	PWM_2_Start
 139              	.LVL15:
 106:main.c        ****     Pin_2_Write(1);
 140              		.loc 1 106 0
 141 000a 0120     		movs	r0, #1
 142 000c FFF7FEFF 		bl	Pin_2_Write
 143              	.LVL16:
 107:main.c        ****     Pin_3_Write(1);
 144              		.loc 1 107 0
 145 0010 0120     		movs	r0, #1
 146 0012 FFF7FEFF 		bl	Pin_3_Write
 147              	.LVL17:
 148 0016 08BD     		pop	{r3, pc}
 149              		.cfi_endproc
 150              	.LFE66:
 151              		.size	back, .-back
 152              		.section	.text.stop,"ax",%progbits
 153              		.align	2
 154              		.global	stop
 155              		.thumb
 156              		.thumb_func
 157              		.type	stop, %function
 158              	stop:
 159              	.LFB67:
 108:main.c        **** }
 109:main.c        **** void stop(){
 160              		.loc 1 109 0
 161              		.cfi_startproc
 162              		@ args = 0, pretend = 0, frame = 0
 163              		@ frame_needed = 0, uses_anonymous_args = 0
ARM GAS  C:\Users\Georgia\AppData\Local\Temp\ccJTlNFA.s 			page 6


 164 0000 08B5     		push	{r3, lr}
 165              		.cfi_def_cfa_offset 8
 166              		.cfi_offset 3, -8
 167              		.cfi_offset 14, -4
 110:main.c        ****     PWM_1_Stop();
 168              		.loc 1 110 0
 169 0002 FFF7FEFF 		bl	PWM_1_Stop
 170              	.LVL18:
 111:main.c        ****     PWM_2_Stop();
 171              		.loc 1 111 0
 172 0006 FFF7FEFF 		bl	PWM_2_Stop
 173              	.LVL19:
 112:main.c        ****     Pin_1_Write(0);
 174              		.loc 1 112 0
 175 000a 0020     		movs	r0, #0
 176 000c FFF7FEFF 		bl	Pin_1_Write
 177              	.LVL20:
 113:main.c        ****     Pin_2_Write(0);
 178              		.loc 1 113 0
 179 0010 0020     		movs	r0, #0
 180 0012 FFF7FEFF 		bl	Pin_2_Write
 181              	.LVL21:
 114:main.c        ****     Pin_3_Write(0);
 182              		.loc 1 114 0
 183 0016 0020     		movs	r0, #0
 184 0018 FFF7FEFF 		bl	Pin_3_Write
 185              	.LVL22:
 115:main.c        ****     Pin_4_Write(0);
 186              		.loc 1 115 0
 187 001c 0020     		movs	r0, #0
 188 001e FFF7FEFF 		bl	Pin_4_Write
 189              	.LVL23:
 190 0022 08BD     		pop	{r3, pc}
 191              		.cfi_endproc
 192              	.LFE67:
 193              		.size	stop, .-stop
 194              		.section	.text.left,"ax",%progbits
 195              		.align	2
 196              		.global	left
 197              		.thumb
 198              		.thumb_func
 199              		.type	left, %function
 200              	left:
 201              	.LFB68:
 116:main.c        **** }
 117:main.c        **** void left(){
 202              		.loc 1 117 0
 203              		.cfi_startproc
 204              		@ args = 0, pretend = 0, frame = 0
 205              		@ frame_needed = 0, uses_anonymous_args = 0
 206 0000 08B5     		push	{r3, lr}
 207              		.cfi_def_cfa_offset 8
 208              		.cfi_offset 3, -8
 209              		.cfi_offset 14, -4
 118:main.c        ****     PWM_1_Start();
 210              		.loc 1 118 0
 211 0002 FFF7FEFF 		bl	PWM_1_Start
ARM GAS  C:\Users\Georgia\AppData\Local\Temp\ccJTlNFA.s 			page 7


 212              	.LVL24:
 119:main.c        ****     PWM_2_Start();      
 213              		.loc 1 119 0
 214 0006 FFF7FEFF 		bl	PWM_2_Start
 215              	.LVL25:
 120:main.c        ****     Pin_1_Write(0);
 216              		.loc 1 120 0
 217 000a 0020     		movs	r0, #0
 218 000c FFF7FEFF 		bl	Pin_1_Write
 219              	.LVL26:
 121:main.c        ****     Pin_4_Write(1);
 220              		.loc 1 121 0
 221 0010 0120     		movs	r0, #1
 222 0012 FFF7FEFF 		bl	Pin_4_Write
 223              	.LVL27:
 122:main.c        ****     Pin_3_Write(0);
 224              		.loc 1 122 0
 225 0016 0020     		movs	r0, #0
 226 0018 FFF7FEFF 		bl	Pin_3_Write
 227              	.LVL28:
 123:main.c        ****     Pin_2_Write(1);
 228              		.loc 1 123 0
 229 001c 0120     		movs	r0, #1
 230 001e FFF7FEFF 		bl	Pin_2_Write
 231              	.LVL29:
 232 0022 08BD     		pop	{r3, pc}
 233              		.cfi_endproc
 234              	.LFE68:
 235              		.size	left, .-left
 236              		.section	.text.right,"ax",%progbits
 237              		.align	2
 238              		.global	right
 239              		.thumb
 240              		.thumb_func
 241              		.type	right, %function
 242              	right:
 243              	.LFB69:
 124:main.c        **** }
 125:main.c        **** void right(){
 244              		.loc 1 125 0
 245              		.cfi_startproc
 246              		@ args = 0, pretend = 0, frame = 0
 247              		@ frame_needed = 0, uses_anonymous_args = 0
 248 0000 08B5     		push	{r3, lr}
 249              		.cfi_def_cfa_offset 8
 250              		.cfi_offset 3, -8
 251              		.cfi_offset 14, -4
 126:main.c        ****     PWM_1_Start();
 252              		.loc 1 126 0
 253 0002 FFF7FEFF 		bl	PWM_1_Start
 254              	.LVL30:
 127:main.c        ****     PWM_2_Start();
 255              		.loc 1 127 0
 256 0006 FFF7FEFF 		bl	PWM_2_Start
 257              	.LVL31:
 128:main.c        ****     Pin_1_Write(1);
 258              		.loc 1 128 0
ARM GAS  C:\Users\Georgia\AppData\Local\Temp\ccJTlNFA.s 			page 8


 259 000a 0120     		movs	r0, #1
 260 000c FFF7FEFF 		bl	Pin_1_Write
 261              	.LVL32:
 129:main.c        ****     Pin_4_Write(0);
 262              		.loc 1 129 0
 263 0010 0020     		movs	r0, #0
 264 0012 FFF7FEFF 		bl	Pin_4_Write
 265              	.LVL33:
 130:main.c        ****     Pin_3_Write(1);
 266              		.loc 1 130 0
 267 0016 0120     		movs	r0, #1
 268 0018 FFF7FEFF 		bl	Pin_3_Write
 269              	.LVL34:
 131:main.c        ****     Pin_2_Write(0);
 270              		.loc 1 131 0
 271 001c 0020     		movs	r0, #0
 272 001e FFF7FEFF 		bl	Pin_2_Write
 273              	.LVL35:
 274 0022 08BD     		pop	{r3, pc}
 275              		.cfi_endproc
 276              	.LFE69:
 277              		.size	right, .-right
 278              		.section	.text.GPIO_PSOC1_In_Handler,"ax",%progbits
 279              		.align	2
 280              		.global	GPIO_PSOC1_In_Handler
 281              		.thumb
 282              		.thumb_func
 283              		.type	GPIO_PSOC1_In_Handler, %function
 284              	GPIO_PSOC1_In_Handler:
 285              	.LFB63:
  28:main.c        ****    stop();
 286              		.loc 1 28 0
 287              		.cfi_startproc
 288              		@ args = 0, pretend = 0, frame = 0
 289              		@ frame_needed = 0, uses_anonymous_args = 0
 290 0000 10B5     		push	{r4, lr}
 291              		.cfi_def_cfa_offset 8
 292              		.cfi_offset 4, -8
 293              		.cfi_offset 14, -4
  29:main.c        ****    CyDelay(100);
 294              		.loc 1 29 0
 295 0002 FFF7FEFF 		bl	stop
 296              	.LVL36:
  30:main.c        ****    //back();
 297              		.loc 1 30 0
 298 0006 6420     		movs	r0, #100
 299 0008 FFF7FEFF 		bl	CyDelay
 300              	.LVL37:
  33:main.c        ****    CyDelay(100);
 301              		.loc 1 33 0
 302 000c FFF7FEFF 		bl	forward
 303              	.LVL38:
  34:main.c        ****     LED_pin_Write(0);
 304              		.loc 1 34 0
 305 0010 6420     		movs	r0, #100
 306 0012 FFF7FEFF 		bl	CyDelay
 307              	.LVL39:
ARM GAS  C:\Users\Georgia\AppData\Local\Temp\ccJTlNFA.s 			page 9


  35:main.c        ****    //left();
 308              		.loc 1 35 0
 309 0016 0020     		movs	r0, #0
 310 0018 FFF7FEFF 		bl	LED_pin_Write
 311              	.LVL40:
  37:main.c        ****         left();
 312              		.loc 1 37 0
 313 001c 264B     		ldr	r3, .L21
 314 001e 1B68     		ldr	r3, [r3]
 315 0020 9BB9     		cbnz	r3, .L17
  38:main.c        ****         turned = 1;
 316              		.loc 1 38 0
 317 0022 FFF7FEFF 		bl	left
 318              	.LVL41:
  39:main.c        ****         CyDelay(1000);
 319              		.loc 1 39 0
 320 0026 0124     		movs	r4, #1
 321 0028 234B     		ldr	r3, .L21
 322 002a 1C60     		str	r4, [r3]
  40:main.c        ****         stop();
 323              		.loc 1 40 0
 324 002c 4FF47A70 		mov	r0, #1000
 325 0030 FFF7FEFF 		bl	CyDelay
 326              	.LVL42:
  41:main.c        ****         GPIO_PSOC1_Out_Write(1);
 327              		.loc 1 41 0
 328 0034 FFF7FEFF 		bl	stop
 329              	.LVL43:
  42:main.c        ****         CyDelay(100);
 330              		.loc 1 42 0
 331 0038 2046     		mov	r0, r4
 332 003a FFF7FEFF 		bl	GPIO_PSOC1_Out_Write
 333              	.LVL44:
  43:main.c        ****         GPIO_PSOC1_In_ClearInterrupt();
 334              		.loc 1 43 0
 335 003e 6420     		movs	r0, #100
 336 0040 FFF7FEFF 		bl	CyDelay
 337              	.LVL45:
  44:main.c        ****         //stop();
 338              		.loc 1 44 0
 339 0044 FFF7FEFF 		bl	GPIO_PSOC1_In_ClearInterrupt
 340              	.LVL46:
 341 0048 28E0     		b	.L18
 342              	.L17:
  47:main.c        ****         right();//right();//180 degree turn
 343              		.loc 1 47 0
 344 004a 012B     		cmp	r3, #1
 345 004c 13D1     		bne	.L19
  48:main.c        ****         turned=2;
 346              		.loc 1 48 0
 347 004e FFF7FEFF 		bl	right
 348              	.LVL47:
  49:main.c        ****         CyDelay(1000);
 349              		.loc 1 49 0
 350 0052 0222     		movs	r2, #2
 351 0054 184B     		ldr	r3, .L21
 352 0056 1A60     		str	r2, [r3]
ARM GAS  C:\Users\Georgia\AppData\Local\Temp\ccJTlNFA.s 			page 10


  50:main.c        ****         stop();
 353              		.loc 1 50 0
 354 0058 4FF47A70 		mov	r0, #1000
 355 005c FFF7FEFF 		bl	CyDelay
 356              	.LVL48:
  51:main.c        ****         GPIO_PSOC1_Out_Write(1);
 357              		.loc 1 51 0
 358 0060 FFF7FEFF 		bl	stop
 359              	.LVL49:
  52:main.c        ****         CyDelay(100);
 360              		.loc 1 52 0
 361 0064 0120     		movs	r0, #1
 362 0066 FFF7FEFF 		bl	GPIO_PSOC1_Out_Write
 363              	.LVL50:
  53:main.c        ****         GPIO_PSOC1_In_ClearInterrupt();
 364              		.loc 1 53 0
 365 006a 6420     		movs	r0, #100
 366 006c FFF7FEFF 		bl	CyDelay
 367              	.LVL51:
  54:main.c        ****         //stop();
 368              		.loc 1 54 0
 369 0070 FFF7FEFF 		bl	GPIO_PSOC1_In_ClearInterrupt
 370              	.LVL52:
 371 0074 12E0     		b	.L18
 372              	.L19:
  58:main.c        ****         turned=0;
 373              		.loc 1 58 0
 374 0076 FFF7FEFF 		bl	right
 375              	.LVL53:
  59:main.c        ****         CyDelay(1000);
 376              		.loc 1 59 0
 377 007a 0022     		movs	r2, #0
 378 007c 0E4B     		ldr	r3, .L21
 379 007e 1A60     		str	r2, [r3]
  60:main.c        ****         stop();
 380              		.loc 1 60 0
 381 0080 4FF47A70 		mov	r0, #1000
 382 0084 FFF7FEFF 		bl	CyDelay
 383              	.LVL54:
  61:main.c        ****         GPIO_PSOC1_Out_Write(1);
 384              		.loc 1 61 0
 385 0088 FFF7FEFF 		bl	stop
 386              	.LVL55:
  62:main.c        ****         CyDelay(100);
 387              		.loc 1 62 0
 388 008c 0120     		movs	r0, #1
 389 008e FFF7FEFF 		bl	GPIO_PSOC1_Out_Write
 390              	.LVL56:
  63:main.c        ****         GPIO_PSOC1_In_ClearInterrupt();
 391              		.loc 1 63 0
 392 0092 6420     		movs	r0, #100
 393 0094 FFF7FEFF 		bl	CyDelay
 394              	.LVL57:
  64:main.c        ****         //stop();
 395              		.loc 1 64 0
 396 0098 FFF7FEFF 		bl	GPIO_PSOC1_In_ClearInterrupt
 397              	.LVL58:
ARM GAS  C:\Users\Georgia\AppData\Local\Temp\ccJTlNFA.s 			page 11


 398              	.L18:
  67:main.c        ****     turned++;
 399              		.loc 1 67 0
 400 009c 4FF4FA70 		mov	r0, #500
 401 00a0 FFF7FEFF 		bl	CyDelay
 402              	.LVL59:
  68:main.c        ****     GPIO_PSOC1_Out_Write(1);
 403              		.loc 1 68 0
 404 00a4 044A     		ldr	r2, .L21
 405 00a6 1368     		ldr	r3, [r2]
 406 00a8 0133     		adds	r3, r3, #1
 407 00aa 1360     		str	r3, [r2]
  69:main.c        ****     GPIO_PSOC1_In_ClearInterrupt();
 408              		.loc 1 69 0
 409 00ac 0120     		movs	r0, #1
 410 00ae FFF7FEFF 		bl	GPIO_PSOC1_Out_Write
 411              	.LVL60:
  70:main.c        **** }
 412              		.loc 1 70 0
 413 00b2 FFF7FEFF 		bl	GPIO_PSOC1_In_ClearInterrupt
 414              	.LVL61:
 415 00b6 10BD     		pop	{r4, pc}
 416              	.L22:
 417              		.align	2
 418              	.L21:
 419 00b8 00000000 		.word	.LANCHOR0
 420              		.cfi_endproc
 421              	.LFE63:
 422              		.size	GPIO_PSOC1_In_Handler, .-GPIO_PSOC1_In_Handler
 423              		.global	turned
 424              		.bss
 425              		.align	2
 426              		.set	.LANCHOR0,. + 0
 427              		.type	turned, %object
 428              		.size	turned, 4
 429              	turned:
 430 0000 00000000 		.space	4
 431              		.text
 432              	.Letext0:
 433              		.file 2 "c:\\program files (x86)\\cypress\\psoc creator\\4.0\\psoc creator\\import\\gnu\\arm\\4.9.
 434              		.file 3 "c:\\program files (x86)\\cypress\\psoc creator\\4.0\\psoc creator\\import\\gnu\\arm\\4.9.
 435              		.file 4 "Generated_Source\\PSoC5/cytypes.h"
 436              		.file 5 "Generated_Source\\PSoC5/core_cm3.h"
 437              		.file 6 "Generated_Source\\PSoC5/PWM_1.h"
 438              		.file 7 "Generated_Source\\PSoC5/PWM_2.h"
 439              		.file 8 "Generated_Source\\PSoC5/Pin_1.h"
 440              		.file 9 "Generated_Source\\PSoC5/Pin_4.h"
 441              		.file 10 "Generated_Source\\PSoC5/isr_1.h"
 442              		.file 11 "Generated_Source\\PSoC5/GPIO_PSOC1_Out.h"
 443              		.file 12 "Generated_Source\\PSoC5/LED_pin.h"
 444              		.file 13 "Generated_Source\\PSoC5/Pin_2.h"
 445              		.file 14 "Generated_Source\\PSoC5/Pin_3.h"
 446              		.file 15 "Generated_Source\\PSoC5/CyLib.h"
 447              		.file 16 "Generated_Source\\PSoC5/GPIO_PSOC1_In.h"
 448              		.section	.debug_info,"",%progbits
 449              	.Ldebug_info0:
 450 0000 C6050000 		.4byte	0x5c6
ARM GAS  C:\Users\Georgia\AppData\Local\Temp\ccJTlNFA.s 			page 12


 451 0004 0400     		.2byte	0x4
 452 0006 00000000 		.4byte	.Ldebug_abbrev0
 453 000a 04       		.byte	0x4
 454 000b 01       		.uleb128 0x1
 455 000c 28010000 		.4byte	.LASF41
 456 0010 01       		.byte	0x1
 457 0011 06020000 		.4byte	.LASF42
 458 0015 19020000 		.4byte	.LASF43
 459 0019 00000000 		.4byte	.Ldebug_ranges0+0
 460 001d 00000000 		.4byte	0
 461 0021 00000000 		.4byte	.Ldebug_line0
 462 0025 02       		.uleb128 0x2
 463 0026 01       		.byte	0x1
 464 0027 06       		.byte	0x6
 465 0028 A0020000 		.4byte	.LASF0
 466 002c 02       		.uleb128 0x2
 467 002d 01       		.byte	0x1
 468 002e 08       		.byte	0x8
 469 002f 8A000000 		.4byte	.LASF1
 470 0033 02       		.uleb128 0x2
 471 0034 02       		.byte	0x2
 472 0035 05       		.byte	0x5
 473 0036 5C020000 		.4byte	.LASF2
 474 003a 02       		.uleb128 0x2
 475 003b 02       		.byte	0x2
 476 003c 07       		.byte	0x7
 477 003d 3D000000 		.4byte	.LASF3
 478 0041 03       		.uleb128 0x3
 479 0042 2E000000 		.4byte	.LASF9
 480 0046 02       		.byte	0x2
 481 0047 3F       		.byte	0x3f
 482 0048 4C000000 		.4byte	0x4c
 483 004c 02       		.uleb128 0x2
 484 004d 04       		.byte	0x4
 485 004e 05       		.byte	0x5
 486 004f 84020000 		.4byte	.LASF4
 487 0053 02       		.uleb128 0x2
 488 0054 04       		.byte	0x4
 489 0055 07       		.byte	0x7
 490 0056 E5000000 		.4byte	.LASF5
 491 005a 02       		.uleb128 0x2
 492 005b 08       		.byte	0x8
 493 005c 05       		.byte	0x5
 494 005d F8010000 		.4byte	.LASF6
 495 0061 02       		.uleb128 0x2
 496 0062 08       		.byte	0x8
 497 0063 07       		.byte	0x7
 498 0064 C3010000 		.4byte	.LASF7
 499 0068 04       		.uleb128 0x4
 500 0069 04       		.byte	0x4
 501 006a 05       		.byte	0x5
 502 006b 696E7400 		.ascii	"int\000"
 503 006f 02       		.uleb128 0x2
 504 0070 04       		.byte	0x4
 505 0071 07       		.byte	0x7
 506 0072 B6010000 		.4byte	.LASF8
 507 0076 03       		.uleb128 0x3
ARM GAS  C:\Users\Georgia\AppData\Local\Temp\ccJTlNFA.s 			page 13


 508 0077 E7010000 		.4byte	.LASF10
 509 007b 03       		.byte	0x3
 510 007c 2C       		.byte	0x2c
 511 007d 41000000 		.4byte	0x41
 512 0081 05       		.uleb128 0x5
 513 0082 66020000 		.4byte	.LASF11
 514 0086 04       		.byte	0x4
 515 0087 9201     		.2byte	0x192
 516 0089 2C000000 		.4byte	0x2c
 517 008d 05       		.uleb128 0x5
 518 008e 21010000 		.4byte	.LASF12
 519 0092 04       		.byte	0x4
 520 0093 9401     		.2byte	0x194
 521 0095 53000000 		.4byte	0x53
 522 0099 02       		.uleb128 0x2
 523 009a 04       		.byte	0x4
 524 009b 04       		.byte	0x4
 525 009c 84000000 		.4byte	.LASF13
 526 00a0 02       		.uleb128 0x2
 527 00a1 08       		.byte	0x8
 528 00a2 04       		.byte	0x4
 529 00a3 50000000 		.4byte	.LASF14
 530 00a7 02       		.uleb128 0x2
 531 00a8 01       		.byte	0x1
 532 00a9 08       		.byte	0x8
 533 00aa 0D020000 		.4byte	.LASF15
 534 00ae 05       		.uleb128 0x5
 535 00af DA010000 		.4byte	.LASF16
 536 00b3 04       		.byte	0x4
 537 00b4 4E02     		.2byte	0x24e
 538 00b6 BA000000 		.4byte	0xba
 539 00ba 06       		.uleb128 0x6
 540 00bb 04       		.byte	0x4
 541 00bc C0000000 		.4byte	0xc0
 542 00c0 07       		.uleb128 0x7
 543 00c1 02       		.uleb128 0x2
 544 00c2 04       		.byte	0x4
 545 00c3 07       		.byte	0x7
 546 00c4 EF010000 		.4byte	.LASF17
 547 00c8 08       		.uleb128 0x8
 548 00c9 98020000 		.4byte	.LASF18
 549 00cd 01       		.byte	0x1
 550 00ce 61       		.byte	0x61
 551 00cf 00000000 		.4byte	.LFB65
 552 00d3 18000000 		.4byte	.LFE65-.LFB65
 553 00d7 01       		.uleb128 0x1
 554 00d8 9C       		.byte	0x9c
 555 00d9 12010000 		.4byte	0x112
 556 00dd 09       		.uleb128 0x9
 557 00de 06000000 		.4byte	.LVL0
 558 00e2 FE040000 		.4byte	0x4fe
 559 00e6 09       		.uleb128 0x9
 560 00e7 0A000000 		.4byte	.LVL1
 561 00eb 05050000 		.4byte	0x505
 562 00ef 0A       		.uleb128 0xa
 563 00f0 10000000 		.4byte	.LVL2
 564 00f4 0C050000 		.4byte	0x50c
ARM GAS  C:\Users\Georgia\AppData\Local\Temp\ccJTlNFA.s 			page 14


 565 00f8 02010000 		.4byte	0x102
 566 00fc 0B       		.uleb128 0xb
 567 00fd 01       		.uleb128 0x1
 568 00fe 50       		.byte	0x50
 569 00ff 01       		.uleb128 0x1
 570 0100 31       		.byte	0x31
 571 0101 00       		.byte	0
 572 0102 0C       		.uleb128 0xc
 573 0103 16000000 		.4byte	.LVL3
 574 0107 1D050000 		.4byte	0x51d
 575 010b 0B       		.uleb128 0xb
 576 010c 01       		.uleb128 0x1
 577 010d 50       		.byte	0x50
 578 010e 01       		.uleb128 0x1
 579 010f 31       		.byte	0x31
 580 0110 00       		.byte	0
 581 0111 00       		.byte	0
 582 0112 0D       		.uleb128 0xd
 583 0113 03010000 		.4byte	.LASF44
 584 0117 01       		.byte	0x1
 585 0118 49       		.byte	0x49
 586 0119 68000000 		.4byte	0x68
 587 011d 00000000 		.4byte	.LFB64
 588 0121 38000000 		.4byte	.LFE64-.LFB64
 589 0125 01       		.uleb128 0x1
 590 0126 9C       		.byte	0x9c
 591 0127 A8010000 		.4byte	0x1a8
 592 012b 0A       		.uleb128 0xa
 593 012c 0A000000 		.4byte	.LVL4
 594 0130 2E050000 		.4byte	0x52e
 595 0134 42010000 		.4byte	0x142
 596 0138 0B       		.uleb128 0xb
 597 0139 01       		.uleb128 0x1
 598 013a 50       		.byte	0x50
 599 013b 05       		.uleb128 0x5
 600 013c 03       		.byte	0x3
 601 013d 00000000 		.4byte	GPIO_PSOC1_In_Handler
 602 0141 00       		.byte	0
 603 0142 09       		.uleb128 0x9
 604 0143 0E000000 		.4byte	.LVL5
 605 0147 3F050000 		.4byte	0x53f
 606 014b 09       		.uleb128 0x9
 607 014c 12000000 		.4byte	.LVL6
 608 0150 46050000 		.4byte	0x546
 609 0154 09       		.uleb128 0x9
 610 0155 16000000 		.4byte	.LVL7
 611 0159 4D050000 		.4byte	0x54d
 612 015d 09       		.uleb128 0x9
 613 015e 1A000000 		.4byte	.LVL8
 614 0162 54050000 		.4byte	0x554
 615 0166 09       		.uleb128 0x9
 616 0167 1E000000 		.4byte	.LVL9
 617 016b FE040000 		.4byte	0x4fe
 618 016f 09       		.uleb128 0x9
 619 0170 22000000 		.4byte	.LVL10
 620 0174 05050000 		.4byte	0x505
 621 0178 0A       		.uleb128 0xa
ARM GAS  C:\Users\Georgia\AppData\Local\Temp\ccJTlNFA.s 			page 15


 622 0179 28000000 		.4byte	.LVL11
 623 017d 5B050000 		.4byte	0x55b
 624 0181 8B010000 		.4byte	0x18b
 625 0185 0B       		.uleb128 0xb
 626 0186 01       		.uleb128 0x1
 627 0187 50       		.byte	0x50
 628 0188 01       		.uleb128 0x1
 629 0189 30       		.byte	0x30
 630 018a 00       		.byte	0
 631 018b 0A       		.uleb128 0xa
 632 018c 2E000000 		.4byte	.LVL12
 633 0190 6C050000 		.4byte	0x56c
 634 0194 9E010000 		.4byte	0x19e
 635 0198 0B       		.uleb128 0xb
 636 0199 01       		.uleb128 0x1
 637 019a 50       		.byte	0x50
 638 019b 01       		.uleb128 0x1
 639 019c 31       		.byte	0x31
 640 019d 00       		.byte	0
 641 019e 09       		.uleb128 0x9
 642 019f 32000000 		.4byte	.LVL13
 643 01a3 C8000000 		.4byte	0xc8
 644 01a7 00       		.byte	0
 645 01a8 08       		.uleb128 0x8
 646 01a9 C6020000 		.4byte	.LASF19
 647 01ad 01       		.byte	0x1
 648 01ae 67       		.byte	0x67
 649 01af 00000000 		.4byte	.LFB66
 650 01b3 18000000 		.4byte	.LFE66-.LFB66
 651 01b7 01       		.uleb128 0x1
 652 01b8 9C       		.byte	0x9c
 653 01b9 F2010000 		.4byte	0x1f2
 654 01bd 09       		.uleb128 0x9
 655 01be 06000000 		.4byte	.LVL14
 656 01c2 FE040000 		.4byte	0x4fe
 657 01c6 09       		.uleb128 0x9
 658 01c7 0A000000 		.4byte	.LVL15
 659 01cb 05050000 		.4byte	0x505
 660 01cf 0A       		.uleb128 0xa
 661 01d0 10000000 		.4byte	.LVL16
 662 01d4 7D050000 		.4byte	0x57d
 663 01d8 E2010000 		.4byte	0x1e2
 664 01dc 0B       		.uleb128 0xb
 665 01dd 01       		.uleb128 0x1
 666 01de 50       		.byte	0x50
 667 01df 01       		.uleb128 0x1
 668 01e0 31       		.byte	0x31
 669 01e1 00       		.byte	0
 670 01e2 0C       		.uleb128 0xc
 671 01e3 16000000 		.4byte	.LVL17
 672 01e7 8E050000 		.4byte	0x58e
 673 01eb 0B       		.uleb128 0xb
 674 01ec 01       		.uleb128 0x1
 675 01ed 50       		.byte	0x50
 676 01ee 01       		.uleb128 0x1
 677 01ef 31       		.byte	0x31
 678 01f0 00       		.byte	0
ARM GAS  C:\Users\Georgia\AppData\Local\Temp\ccJTlNFA.s 			page 16


 679 01f1 00       		.byte	0
 680 01f2 08       		.uleb128 0x8
 681 01f3 D3000000 		.4byte	.LASF20
 682 01f7 01       		.byte	0x1
 683 01f8 6D       		.byte	0x6d
 684 01f9 00000000 		.4byte	.LFB67
 685 01fd 24000000 		.4byte	.LFE67-.LFB67
 686 0201 01       		.uleb128 0x1
 687 0202 9C       		.byte	0x9c
 688 0203 62020000 		.4byte	0x262
 689 0207 09       		.uleb128 0x9
 690 0208 06000000 		.4byte	.LVL18
 691 020c 9F050000 		.4byte	0x59f
 692 0210 09       		.uleb128 0x9
 693 0211 0A000000 		.4byte	.LVL19
 694 0215 A6050000 		.4byte	0x5a6
 695 0219 0A       		.uleb128 0xa
 696 021a 10000000 		.4byte	.LVL20
 697 021e 0C050000 		.4byte	0x50c
 698 0222 2C020000 		.4byte	0x22c
 699 0226 0B       		.uleb128 0xb
 700 0227 01       		.uleb128 0x1
 701 0228 50       		.byte	0x50
 702 0229 01       		.uleb128 0x1
 703 022a 30       		.byte	0x30
 704 022b 00       		.byte	0
 705 022c 0A       		.uleb128 0xa
 706 022d 16000000 		.4byte	.LVL21
 707 0231 7D050000 		.4byte	0x57d
 708 0235 3F020000 		.4byte	0x23f
 709 0239 0B       		.uleb128 0xb
 710 023a 01       		.uleb128 0x1
 711 023b 50       		.byte	0x50
 712 023c 01       		.uleb128 0x1
 713 023d 30       		.byte	0x30
 714 023e 00       		.byte	0
 715 023f 0A       		.uleb128 0xa
 716 0240 1C000000 		.4byte	.LVL22
 717 0244 8E050000 		.4byte	0x58e
 718 0248 52020000 		.4byte	0x252
 719 024c 0B       		.uleb128 0xb
 720 024d 01       		.uleb128 0x1
 721 024e 50       		.byte	0x50
 722 024f 01       		.uleb128 0x1
 723 0250 30       		.byte	0x30
 724 0251 00       		.byte	0
 725 0252 0C       		.uleb128 0xc
 726 0253 22000000 		.4byte	.LVL23
 727 0257 1D050000 		.4byte	0x51d
 728 025b 0B       		.uleb128 0xb
 729 025c 01       		.uleb128 0x1
 730 025d 50       		.byte	0x50
 731 025e 01       		.uleb128 0x1
 732 025f 30       		.byte	0x30
 733 0260 00       		.byte	0
 734 0261 00       		.byte	0
 735 0262 08       		.uleb128 0x8
ARM GAS  C:\Users\Georgia\AppData\Local\Temp\ccJTlNFA.s 			page 17


 736 0263 38000000 		.4byte	.LASF21
 737 0267 01       		.byte	0x1
 738 0268 75       		.byte	0x75
 739 0269 00000000 		.4byte	.LFB68
 740 026d 24000000 		.4byte	.LFE68-.LFB68
 741 0271 01       		.uleb128 0x1
 742 0272 9C       		.byte	0x9c
 743 0273 D2020000 		.4byte	0x2d2
 744 0277 09       		.uleb128 0x9
 745 0278 06000000 		.4byte	.LVL24
 746 027c FE040000 		.4byte	0x4fe
 747 0280 09       		.uleb128 0x9
 748 0281 0A000000 		.4byte	.LVL25
 749 0285 05050000 		.4byte	0x505
 750 0289 0A       		.uleb128 0xa
 751 028a 10000000 		.4byte	.LVL26
 752 028e 0C050000 		.4byte	0x50c
 753 0292 9C020000 		.4byte	0x29c
 754 0296 0B       		.uleb128 0xb
 755 0297 01       		.uleb128 0x1
 756 0298 50       		.byte	0x50
 757 0299 01       		.uleb128 0x1
 758 029a 30       		.byte	0x30
 759 029b 00       		.byte	0
 760 029c 0A       		.uleb128 0xa
 761 029d 16000000 		.4byte	.LVL27
 762 02a1 1D050000 		.4byte	0x51d
 763 02a5 AF020000 		.4byte	0x2af
 764 02a9 0B       		.uleb128 0xb
 765 02aa 01       		.uleb128 0x1
 766 02ab 50       		.byte	0x50
 767 02ac 01       		.uleb128 0x1
 768 02ad 31       		.byte	0x31
 769 02ae 00       		.byte	0
 770 02af 0A       		.uleb128 0xa
 771 02b0 1C000000 		.4byte	.LVL28
 772 02b4 8E050000 		.4byte	0x58e
 773 02b8 C2020000 		.4byte	0x2c2
 774 02bc 0B       		.uleb128 0xb
 775 02bd 01       		.uleb128 0x1
 776 02be 50       		.byte	0x50
 777 02bf 01       		.uleb128 0x1
 778 02c0 30       		.byte	0x30
 779 02c1 00       		.byte	0
 780 02c2 0C       		.uleb128 0xc
 781 02c3 22000000 		.4byte	.LVL29
 782 02c7 7D050000 		.4byte	0x57d
 783 02cb 0B       		.uleb128 0xb
 784 02cc 01       		.uleb128 0x1
 785 02cd 50       		.byte	0x50
 786 02ce 01       		.uleb128 0x1
 787 02cf 31       		.byte	0x31
 788 02d0 00       		.byte	0
 789 02d1 00       		.byte	0
 790 02d2 08       		.uleb128 0x8
 791 02d3 98000000 		.4byte	.LASF22
 792 02d7 01       		.byte	0x1
ARM GAS  C:\Users\Georgia\AppData\Local\Temp\ccJTlNFA.s 			page 18


 793 02d8 7D       		.byte	0x7d
 794 02d9 00000000 		.4byte	.LFB69
 795 02dd 24000000 		.4byte	.LFE69-.LFB69
 796 02e1 01       		.uleb128 0x1
 797 02e2 9C       		.byte	0x9c
 798 02e3 42030000 		.4byte	0x342
 799 02e7 09       		.uleb128 0x9
 800 02e8 06000000 		.4byte	.LVL30
 801 02ec FE040000 		.4byte	0x4fe
 802 02f0 09       		.uleb128 0x9
 803 02f1 0A000000 		.4byte	.LVL31
 804 02f5 05050000 		.4byte	0x505
 805 02f9 0A       		.uleb128 0xa
 806 02fa 10000000 		.4byte	.LVL32
 807 02fe 0C050000 		.4byte	0x50c
 808 0302 0C030000 		.4byte	0x30c
 809 0306 0B       		.uleb128 0xb
 810 0307 01       		.uleb128 0x1
 811 0308 50       		.byte	0x50
 812 0309 01       		.uleb128 0x1
 813 030a 31       		.byte	0x31
 814 030b 00       		.byte	0
 815 030c 0A       		.uleb128 0xa
 816 030d 16000000 		.4byte	.LVL33
 817 0311 1D050000 		.4byte	0x51d
 818 0315 1F030000 		.4byte	0x31f
 819 0319 0B       		.uleb128 0xb
 820 031a 01       		.uleb128 0x1
 821 031b 50       		.byte	0x50
 822 031c 01       		.uleb128 0x1
 823 031d 30       		.byte	0x30
 824 031e 00       		.byte	0
 825 031f 0A       		.uleb128 0xa
 826 0320 1C000000 		.4byte	.LVL34
 827 0324 8E050000 		.4byte	0x58e
 828 0328 32030000 		.4byte	0x332
 829 032c 0B       		.uleb128 0xb
 830 032d 01       		.uleb128 0x1
 831 032e 50       		.byte	0x50
 832 032f 01       		.uleb128 0x1
 833 0330 31       		.byte	0x31
 834 0331 00       		.byte	0
 835 0332 0C       		.uleb128 0xc
 836 0333 22000000 		.4byte	.LVL35
 837 0337 7D050000 		.4byte	0x57d
 838 033b 0B       		.uleb128 0xb
 839 033c 01       		.uleb128 0x1
 840 033d 50       		.byte	0x50
 841 033e 01       		.uleb128 0x1
 842 033f 30       		.byte	0x30
 843 0340 00       		.byte	0
 844 0341 00       		.byte	0
 845 0342 0E       		.uleb128 0xe
 846 0343 6E000000 		.4byte	.LASF45
 847 0347 01       		.byte	0x1
 848 0348 1C       		.byte	0x1c
 849 0349 00000000 		.4byte	.LFB63
ARM GAS  C:\Users\Georgia\AppData\Local\Temp\ccJTlNFA.s 			page 19


 850 034d BC000000 		.4byte	.LFE63-.LFB63
 851 0351 01       		.uleb128 0x1
 852 0352 9C       		.byte	0x9c
 853 0353 DC040000 		.4byte	0x4dc
 854 0357 09       		.uleb128 0x9
 855 0358 06000000 		.4byte	.LVL36
 856 035c F2010000 		.4byte	0x1f2
 857 0360 0A       		.uleb128 0xa
 858 0361 0C000000 		.4byte	.LVL37
 859 0365 AD050000 		.4byte	0x5ad
 860 0369 74030000 		.4byte	0x374
 861 036d 0B       		.uleb128 0xb
 862 036e 01       		.uleb128 0x1
 863 036f 50       		.byte	0x50
 864 0370 02       		.uleb128 0x2
 865 0371 08       		.byte	0x8
 866 0372 64       		.byte	0x64
 867 0373 00       		.byte	0
 868 0374 09       		.uleb128 0x9
 869 0375 10000000 		.4byte	.LVL38
 870 0379 C8000000 		.4byte	0xc8
 871 037d 0A       		.uleb128 0xa
 872 037e 16000000 		.4byte	.LVL39
 873 0382 AD050000 		.4byte	0x5ad
 874 0386 91030000 		.4byte	0x391
 875 038a 0B       		.uleb128 0xb
 876 038b 01       		.uleb128 0x1
 877 038c 50       		.byte	0x50
 878 038d 02       		.uleb128 0x2
 879 038e 08       		.byte	0x8
 880 038f 64       		.byte	0x64
 881 0390 00       		.byte	0
 882 0391 0A       		.uleb128 0xa
 883 0392 1C000000 		.4byte	.LVL40
 884 0396 6C050000 		.4byte	0x56c
 885 039a A4030000 		.4byte	0x3a4
 886 039e 0B       		.uleb128 0xb
 887 039f 01       		.uleb128 0x1
 888 03a0 50       		.byte	0x50
 889 03a1 01       		.uleb128 0x1
 890 03a2 30       		.byte	0x30
 891 03a3 00       		.byte	0
 892 03a4 09       		.uleb128 0x9
 893 03a5 26000000 		.4byte	.LVL41
 894 03a9 62020000 		.4byte	0x262
 895 03ad 0A       		.uleb128 0xa
 896 03ae 34000000 		.4byte	.LVL42
 897 03b2 AD050000 		.4byte	0x5ad
 898 03b6 C2030000 		.4byte	0x3c2
 899 03ba 0B       		.uleb128 0xb
 900 03bb 01       		.uleb128 0x1
 901 03bc 50       		.byte	0x50
 902 03bd 03       		.uleb128 0x3
 903 03be 0A       		.byte	0xa
 904 03bf E803     		.2byte	0x3e8
 905 03c1 00       		.byte	0
 906 03c2 09       		.uleb128 0x9
ARM GAS  C:\Users\Georgia\AppData\Local\Temp\ccJTlNFA.s 			page 20


 907 03c3 38000000 		.4byte	.LVL43
 908 03c7 F2010000 		.4byte	0x1f2
 909 03cb 0A       		.uleb128 0xa
 910 03cc 3E000000 		.4byte	.LVL44
 911 03d0 5B050000 		.4byte	0x55b
 912 03d4 DF030000 		.4byte	0x3df
 913 03d8 0B       		.uleb128 0xb
 914 03d9 01       		.uleb128 0x1
 915 03da 50       		.byte	0x50
 916 03db 02       		.uleb128 0x2
 917 03dc 74       		.byte	0x74
 918 03dd 00       		.sleb128 0
 919 03de 00       		.byte	0
 920 03df 0A       		.uleb128 0xa
 921 03e0 44000000 		.4byte	.LVL45
 922 03e4 AD050000 		.4byte	0x5ad
 923 03e8 F3030000 		.4byte	0x3f3
 924 03ec 0B       		.uleb128 0xb
 925 03ed 01       		.uleb128 0x1
 926 03ee 50       		.byte	0x50
 927 03ef 02       		.uleb128 0x2
 928 03f0 08       		.byte	0x8
 929 03f1 64       		.byte	0x64
 930 03f2 00       		.byte	0
 931 03f3 09       		.uleb128 0x9
 932 03f4 48000000 		.4byte	.LVL46
 933 03f8 BE050000 		.4byte	0x5be
 934 03fc 09       		.uleb128 0x9
 935 03fd 52000000 		.4byte	.LVL47
 936 0401 D2020000 		.4byte	0x2d2
 937 0405 0A       		.uleb128 0xa
 938 0406 60000000 		.4byte	.LVL48
 939 040a AD050000 		.4byte	0x5ad
 940 040e 1A040000 		.4byte	0x41a
 941 0412 0B       		.uleb128 0xb
 942 0413 01       		.uleb128 0x1
 943 0414 50       		.byte	0x50
 944 0415 03       		.uleb128 0x3
 945 0416 0A       		.byte	0xa
 946 0417 E803     		.2byte	0x3e8
 947 0419 00       		.byte	0
 948 041a 09       		.uleb128 0x9
 949 041b 64000000 		.4byte	.LVL49
 950 041f F2010000 		.4byte	0x1f2
 951 0423 0A       		.uleb128 0xa
 952 0424 6A000000 		.4byte	.LVL50
 953 0428 5B050000 		.4byte	0x55b
 954 042c 36040000 		.4byte	0x436
 955 0430 0B       		.uleb128 0xb
 956 0431 01       		.uleb128 0x1
 957 0432 50       		.byte	0x50
 958 0433 01       		.uleb128 0x1
 959 0434 31       		.byte	0x31
 960 0435 00       		.byte	0
 961 0436 0A       		.uleb128 0xa
 962 0437 70000000 		.4byte	.LVL51
 963 043b AD050000 		.4byte	0x5ad
ARM GAS  C:\Users\Georgia\AppData\Local\Temp\ccJTlNFA.s 			page 21


 964 043f 4A040000 		.4byte	0x44a
 965 0443 0B       		.uleb128 0xb
 966 0444 01       		.uleb128 0x1
 967 0445 50       		.byte	0x50
 968 0446 02       		.uleb128 0x2
 969 0447 08       		.byte	0x8
 970 0448 64       		.byte	0x64
 971 0449 00       		.byte	0
 972 044a 09       		.uleb128 0x9
 973 044b 74000000 		.4byte	.LVL52
 974 044f BE050000 		.4byte	0x5be
 975 0453 09       		.uleb128 0x9
 976 0454 7A000000 		.4byte	.LVL53
 977 0458 D2020000 		.4byte	0x2d2
 978 045c 0A       		.uleb128 0xa
 979 045d 88000000 		.4byte	.LVL54
 980 0461 AD050000 		.4byte	0x5ad
 981 0465 71040000 		.4byte	0x471
 982 0469 0B       		.uleb128 0xb
 983 046a 01       		.uleb128 0x1
 984 046b 50       		.byte	0x50
 985 046c 03       		.uleb128 0x3
 986 046d 0A       		.byte	0xa
 987 046e E803     		.2byte	0x3e8
 988 0470 00       		.byte	0
 989 0471 09       		.uleb128 0x9
 990 0472 8C000000 		.4byte	.LVL55
 991 0476 F2010000 		.4byte	0x1f2
 992 047a 0A       		.uleb128 0xa
 993 047b 92000000 		.4byte	.LVL56
 994 047f 5B050000 		.4byte	0x55b
 995 0483 8D040000 		.4byte	0x48d
 996 0487 0B       		.uleb128 0xb
 997 0488 01       		.uleb128 0x1
 998 0489 50       		.byte	0x50
 999 048a 01       		.uleb128 0x1
 1000 048b 31       		.byte	0x31
 1001 048c 00       		.byte	0
 1002 048d 0A       		.uleb128 0xa
 1003 048e 98000000 		.4byte	.LVL57
 1004 0492 AD050000 		.4byte	0x5ad
 1005 0496 A1040000 		.4byte	0x4a1
 1006 049a 0B       		.uleb128 0xb
 1007 049b 01       		.uleb128 0x1
 1008 049c 50       		.byte	0x50
 1009 049d 02       		.uleb128 0x2
 1010 049e 08       		.byte	0x8
 1011 049f 64       		.byte	0x64
 1012 04a0 00       		.byte	0
 1013 04a1 09       		.uleb128 0x9
 1014 04a2 9C000000 		.4byte	.LVL58
 1015 04a6 BE050000 		.4byte	0x5be
 1016 04aa 0A       		.uleb128 0xa
 1017 04ab A4000000 		.4byte	.LVL59
 1018 04af AD050000 		.4byte	0x5ad
 1019 04b3 BF040000 		.4byte	0x4bf
 1020 04b7 0B       		.uleb128 0xb
ARM GAS  C:\Users\Georgia\AppData\Local\Temp\ccJTlNFA.s 			page 22


 1021 04b8 01       		.uleb128 0x1
 1022 04b9 50       		.byte	0x50
 1023 04ba 03       		.uleb128 0x3
 1024 04bb 0A       		.byte	0xa
 1025 04bc F401     		.2byte	0x1f4
 1026 04be 00       		.byte	0
 1027 04bf 0A       		.uleb128 0xa
 1028 04c0 B2000000 		.4byte	.LVL60
 1029 04c4 5B050000 		.4byte	0x55b
 1030 04c8 D2040000 		.4byte	0x4d2
 1031 04cc 0B       		.uleb128 0xb
 1032 04cd 01       		.uleb128 0x1
 1033 04ce 50       		.byte	0x50
 1034 04cf 01       		.uleb128 0x1
 1035 04d0 31       		.byte	0x31
 1036 04d1 00       		.byte	0
 1037 04d2 09       		.uleb128 0x9
 1038 04d3 B6000000 		.4byte	.LVL61
 1039 04d7 BE050000 		.4byte	0x5be
 1040 04db 00       		.byte	0
 1041 04dc 0F       		.uleb128 0xf
 1042 04dd D8000000 		.4byte	.LASF23
 1043 04e1 05       		.byte	0x5
 1044 04e2 9606     		.2byte	0x696
 1045 04e4 E8040000 		.4byte	0x4e8
 1046 04e8 10       		.uleb128 0x10
 1047 04e9 76000000 		.4byte	0x76
 1048 04ed 11       		.uleb128 0x11
 1049 04ee 12020000 		.4byte	.LASF24
 1050 04f2 01       		.byte	0x1
 1051 04f3 1A       		.byte	0x1a
 1052 04f4 68000000 		.4byte	0x68
 1053 04f8 05       		.uleb128 0x5
 1054 04f9 03       		.byte	0x3
 1055 04fa 00000000 		.4byte	turned
 1056 04fe 12       		.uleb128 0x12
 1057 04ff 9E000000 		.4byte	.LASF25
 1058 0503 06       		.byte	0x6
 1059 0504 92       		.byte	0x92
 1060 0505 12       		.uleb128 0x12
 1061 0506 F7000000 		.4byte	.LASF26
 1062 050a 07       		.byte	0x7
 1063 050b 92       		.byte	0x92
 1064 050c 13       		.uleb128 0x13
 1065 050d AC020000 		.4byte	.LASF27
 1066 0511 08       		.byte	0x8
 1067 0512 26       		.byte	0x26
 1068 0513 1D050000 		.4byte	0x51d
 1069 0517 14       		.uleb128 0x14
 1070 0518 81000000 		.4byte	0x81
 1071 051c 00       		.byte	0
 1072 051d 13       		.uleb128 0x13
 1073 051e 57000000 		.4byte	.LASF28
 1074 0522 09       		.byte	0x9
 1075 0523 26       		.byte	0x26
 1076 0524 2E050000 		.4byte	0x52e
 1077 0528 14       		.uleb128 0x14
ARM GAS  C:\Users\Georgia\AppData\Local\Temp\ccJTlNFA.s 			page 23


 1078 0529 81000000 		.4byte	0x81
 1079 052d 00       		.byte	0
 1080 052e 13       		.uleb128 0x13
 1081 052f B8020000 		.4byte	.LASF29
 1082 0533 0A       		.byte	0xa
 1083 0534 18       		.byte	0x18
 1084 0535 3F050000 		.4byte	0x53f
 1085 0539 14       		.uleb128 0x14
 1086 053a AE000000 		.4byte	0xae
 1087 053e 00       		.byte	0
 1088 053f 12       		.uleb128 0x12
 1089 0540 00000000 		.4byte	.LASF30
 1090 0544 06       		.byte	0x6
 1091 0545 DB       		.byte	0xdb
 1092 0546 12       		.uleb128 0x12
 1093 0547 16010000 		.4byte	.LASF31
 1094 054b 06       		.byte	0x6
 1095 054c DA       		.byte	0xda
 1096 054d 12       		.uleb128 0x12
 1097 054e 6C020000 		.4byte	.LASF32
 1098 0552 07       		.byte	0x7
 1099 0553 DB       		.byte	0xdb
 1100 0554 12       		.uleb128 0x12
 1101 0555 8D020000 		.4byte	.LASF33
 1102 0559 07       		.byte	0x7
 1103 055a DA       		.byte	0xda
 1104 055b 13       		.uleb128 0x13
 1105 055c 19000000 		.4byte	.LASF34
 1106 0560 0B       		.byte	0xb
 1107 0561 26       		.byte	0x26
 1108 0562 6C050000 		.4byte	0x56c
 1109 0566 14       		.uleb128 0x14
 1110 0567 81000000 		.4byte	0x81
 1111 056b 00       		.byte	0
 1112 056c 13       		.uleb128 0x13
 1113 056d 08010000 		.4byte	.LASF35
 1114 0571 0C       		.byte	0xc
 1115 0572 26       		.byte	0x26
 1116 0573 7D050000 		.4byte	0x57d
 1117 0577 14       		.uleb128 0x14
 1118 0578 81000000 		.4byte	0x81
 1119 057c 00       		.byte	0
 1120 057d 13       		.uleb128 0x13
 1121 057e 0D000000 		.4byte	.LASF36
 1122 0582 0D       		.byte	0xd
 1123 0583 26       		.byte	0x26
 1124 0584 8E050000 		.4byte	0x58e
 1125 0588 14       		.uleb128 0x14
 1126 0589 81000000 		.4byte	0x81
 1127 058d 00       		.byte	0
 1128 058e 13       		.uleb128 0x13
 1129 058f C7000000 		.4byte	.LASF37
 1130 0593 0E       		.byte	0xe
 1131 0594 26       		.byte	0x26
 1132 0595 9F050000 		.4byte	0x59f
 1133 0599 14       		.uleb128 0x14
 1134 059a 81000000 		.4byte	0x81
ARM GAS  C:\Users\Georgia\AppData\Local\Temp\ccJTlNFA.s 			page 24


 1135 059e 00       		.byte	0
 1136 059f 12       		.uleb128 0x12
 1137 05a0 79020000 		.4byte	.LASF38
 1138 05a4 06       		.byte	0x6
 1139 05a5 93       		.byte	0x93
 1140 05a6 12       		.uleb128 0x12
 1141 05a7 63000000 		.4byte	.LASF39
 1142 05ab 07       		.byte	0x7
 1143 05ac 93       		.byte	0x93
 1144 05ad 13       		.uleb128 0x13
 1145 05ae CB020000 		.4byte	.LASF40
 1146 05b2 0F       		.byte	0xf
 1147 05b3 76       		.byte	0x76
 1148 05b4 BE050000 		.4byte	0x5be
 1149 05b8 14       		.uleb128 0x14
 1150 05b9 8D000000 		.4byte	0x8d
 1151 05bd 00       		.byte	0
 1152 05be 15       		.uleb128 0x15
 1153 05bf AA000000 		.4byte	.LASF46
 1154 05c3 10       		.byte	0x10
 1155 05c4 2B       		.byte	0x2b
 1156 05c5 81000000 		.4byte	0x81
 1157 05c9 00       		.byte	0
 1158              		.section	.debug_abbrev,"",%progbits
 1159              	.Ldebug_abbrev0:
 1160 0000 01       		.uleb128 0x1
 1161 0001 11       		.uleb128 0x11
 1162 0002 01       		.byte	0x1
 1163 0003 25       		.uleb128 0x25
 1164 0004 0E       		.uleb128 0xe
 1165 0005 13       		.uleb128 0x13
 1166 0006 0B       		.uleb128 0xb
 1167 0007 03       		.uleb128 0x3
 1168 0008 0E       		.uleb128 0xe
 1169 0009 1B       		.uleb128 0x1b
 1170 000a 0E       		.uleb128 0xe
 1171 000b 55       		.uleb128 0x55
 1172 000c 17       		.uleb128 0x17
 1173 000d 11       		.uleb128 0x11
 1174 000e 01       		.uleb128 0x1
 1175 000f 10       		.uleb128 0x10
 1176 0010 17       		.uleb128 0x17
 1177 0011 00       		.byte	0
 1178 0012 00       		.byte	0
 1179 0013 02       		.uleb128 0x2
 1180 0014 24       		.uleb128 0x24
 1181 0015 00       		.byte	0
 1182 0016 0B       		.uleb128 0xb
 1183 0017 0B       		.uleb128 0xb
 1184 0018 3E       		.uleb128 0x3e
 1185 0019 0B       		.uleb128 0xb
 1186 001a 03       		.uleb128 0x3
 1187 001b 0E       		.uleb128 0xe
 1188 001c 00       		.byte	0
 1189 001d 00       		.byte	0
 1190 001e 03       		.uleb128 0x3
 1191 001f 16       		.uleb128 0x16
ARM GAS  C:\Users\Georgia\AppData\Local\Temp\ccJTlNFA.s 			page 25


 1192 0020 00       		.byte	0
 1193 0021 03       		.uleb128 0x3
 1194 0022 0E       		.uleb128 0xe
 1195 0023 3A       		.uleb128 0x3a
 1196 0024 0B       		.uleb128 0xb
 1197 0025 3B       		.uleb128 0x3b
 1198 0026 0B       		.uleb128 0xb
 1199 0027 49       		.uleb128 0x49
 1200 0028 13       		.uleb128 0x13
 1201 0029 00       		.byte	0
 1202 002a 00       		.byte	0
 1203 002b 04       		.uleb128 0x4
 1204 002c 24       		.uleb128 0x24
 1205 002d 00       		.byte	0
 1206 002e 0B       		.uleb128 0xb
 1207 002f 0B       		.uleb128 0xb
 1208 0030 3E       		.uleb128 0x3e
 1209 0031 0B       		.uleb128 0xb
 1210 0032 03       		.uleb128 0x3
 1211 0033 08       		.uleb128 0x8
 1212 0034 00       		.byte	0
 1213 0035 00       		.byte	0
 1214 0036 05       		.uleb128 0x5
 1215 0037 16       		.uleb128 0x16
 1216 0038 00       		.byte	0
 1217 0039 03       		.uleb128 0x3
 1218 003a 0E       		.uleb128 0xe
 1219 003b 3A       		.uleb128 0x3a
 1220 003c 0B       		.uleb128 0xb
 1221 003d 3B       		.uleb128 0x3b
 1222 003e 05       		.uleb128 0x5
 1223 003f 49       		.uleb128 0x49
 1224 0040 13       		.uleb128 0x13
 1225 0041 00       		.byte	0
 1226 0042 00       		.byte	0
 1227 0043 06       		.uleb128 0x6
 1228 0044 0F       		.uleb128 0xf
 1229 0045 00       		.byte	0
 1230 0046 0B       		.uleb128 0xb
 1231 0047 0B       		.uleb128 0xb
 1232 0048 49       		.uleb128 0x49
 1233 0049 13       		.uleb128 0x13
 1234 004a 00       		.byte	0
 1235 004b 00       		.byte	0
 1236 004c 07       		.uleb128 0x7
 1237 004d 15       		.uleb128 0x15
 1238 004e 00       		.byte	0
 1239 004f 27       		.uleb128 0x27
 1240 0050 19       		.uleb128 0x19
 1241 0051 00       		.byte	0
 1242 0052 00       		.byte	0
 1243 0053 08       		.uleb128 0x8
 1244 0054 2E       		.uleb128 0x2e
 1245 0055 01       		.byte	0x1
 1246 0056 3F       		.uleb128 0x3f
 1247 0057 19       		.uleb128 0x19
 1248 0058 03       		.uleb128 0x3
ARM GAS  C:\Users\Georgia\AppData\Local\Temp\ccJTlNFA.s 			page 26


 1249 0059 0E       		.uleb128 0xe
 1250 005a 3A       		.uleb128 0x3a
 1251 005b 0B       		.uleb128 0xb
 1252 005c 3B       		.uleb128 0x3b
 1253 005d 0B       		.uleb128 0xb
 1254 005e 11       		.uleb128 0x11
 1255 005f 01       		.uleb128 0x1
 1256 0060 12       		.uleb128 0x12
 1257 0061 06       		.uleb128 0x6
 1258 0062 40       		.uleb128 0x40
 1259 0063 18       		.uleb128 0x18
 1260 0064 9742     		.uleb128 0x2117
 1261 0066 19       		.uleb128 0x19
 1262 0067 01       		.uleb128 0x1
 1263 0068 13       		.uleb128 0x13
 1264 0069 00       		.byte	0
 1265 006a 00       		.byte	0
 1266 006b 09       		.uleb128 0x9
 1267 006c 898201   		.uleb128 0x4109
 1268 006f 00       		.byte	0
 1269 0070 11       		.uleb128 0x11
 1270 0071 01       		.uleb128 0x1
 1271 0072 31       		.uleb128 0x31
 1272 0073 13       		.uleb128 0x13
 1273 0074 00       		.byte	0
 1274 0075 00       		.byte	0
 1275 0076 0A       		.uleb128 0xa
 1276 0077 898201   		.uleb128 0x4109
 1277 007a 01       		.byte	0x1
 1278 007b 11       		.uleb128 0x11
 1279 007c 01       		.uleb128 0x1
 1280 007d 31       		.uleb128 0x31
 1281 007e 13       		.uleb128 0x13
 1282 007f 01       		.uleb128 0x1
 1283 0080 13       		.uleb128 0x13
 1284 0081 00       		.byte	0
 1285 0082 00       		.byte	0
 1286 0083 0B       		.uleb128 0xb
 1287 0084 8A8201   		.uleb128 0x410a
 1288 0087 00       		.byte	0
 1289 0088 02       		.uleb128 0x2
 1290 0089 18       		.uleb128 0x18
 1291 008a 9142     		.uleb128 0x2111
 1292 008c 18       		.uleb128 0x18
 1293 008d 00       		.byte	0
 1294 008e 00       		.byte	0
 1295 008f 0C       		.uleb128 0xc
 1296 0090 898201   		.uleb128 0x4109
 1297 0093 01       		.byte	0x1
 1298 0094 11       		.uleb128 0x11
 1299 0095 01       		.uleb128 0x1
 1300 0096 31       		.uleb128 0x31
 1301 0097 13       		.uleb128 0x13
 1302 0098 00       		.byte	0
 1303 0099 00       		.byte	0
 1304 009a 0D       		.uleb128 0xd
 1305 009b 2E       		.uleb128 0x2e
ARM GAS  C:\Users\Georgia\AppData\Local\Temp\ccJTlNFA.s 			page 27


 1306 009c 01       		.byte	0x1
 1307 009d 3F       		.uleb128 0x3f
 1308 009e 19       		.uleb128 0x19
 1309 009f 03       		.uleb128 0x3
 1310 00a0 0E       		.uleb128 0xe
 1311 00a1 3A       		.uleb128 0x3a
 1312 00a2 0B       		.uleb128 0xb
 1313 00a3 3B       		.uleb128 0x3b
 1314 00a4 0B       		.uleb128 0xb
 1315 00a5 27       		.uleb128 0x27
 1316 00a6 19       		.uleb128 0x19
 1317 00a7 49       		.uleb128 0x49
 1318 00a8 13       		.uleb128 0x13
 1319 00a9 11       		.uleb128 0x11
 1320 00aa 01       		.uleb128 0x1
 1321 00ab 12       		.uleb128 0x12
 1322 00ac 06       		.uleb128 0x6
 1323 00ad 40       		.uleb128 0x40
 1324 00ae 18       		.uleb128 0x18
 1325 00af 9742     		.uleb128 0x2117
 1326 00b1 19       		.uleb128 0x19
 1327 00b2 01       		.uleb128 0x1
 1328 00b3 13       		.uleb128 0x13
 1329 00b4 00       		.byte	0
 1330 00b5 00       		.byte	0
 1331 00b6 0E       		.uleb128 0xe
 1332 00b7 2E       		.uleb128 0x2e
 1333 00b8 01       		.byte	0x1
 1334 00b9 3F       		.uleb128 0x3f
 1335 00ba 19       		.uleb128 0x19
 1336 00bb 03       		.uleb128 0x3
 1337 00bc 0E       		.uleb128 0xe
 1338 00bd 3A       		.uleb128 0x3a
 1339 00be 0B       		.uleb128 0xb
 1340 00bf 3B       		.uleb128 0x3b
 1341 00c0 0B       		.uleb128 0xb
 1342 00c1 27       		.uleb128 0x27
 1343 00c2 19       		.uleb128 0x19
 1344 00c3 11       		.uleb128 0x11
 1345 00c4 01       		.uleb128 0x1
 1346 00c5 12       		.uleb128 0x12
 1347 00c6 06       		.uleb128 0x6
 1348 00c7 40       		.uleb128 0x40
 1349 00c8 18       		.uleb128 0x18
 1350 00c9 9742     		.uleb128 0x2117
 1351 00cb 19       		.uleb128 0x19
 1352 00cc 01       		.uleb128 0x1
 1353 00cd 13       		.uleb128 0x13
 1354 00ce 00       		.byte	0
 1355 00cf 00       		.byte	0
 1356 00d0 0F       		.uleb128 0xf
 1357 00d1 34       		.uleb128 0x34
 1358 00d2 00       		.byte	0
 1359 00d3 03       		.uleb128 0x3
 1360 00d4 0E       		.uleb128 0xe
 1361 00d5 3A       		.uleb128 0x3a
 1362 00d6 0B       		.uleb128 0xb
ARM GAS  C:\Users\Georgia\AppData\Local\Temp\ccJTlNFA.s 			page 28


 1363 00d7 3B       		.uleb128 0x3b
 1364 00d8 05       		.uleb128 0x5
 1365 00d9 49       		.uleb128 0x49
 1366 00da 13       		.uleb128 0x13
 1367 00db 3F       		.uleb128 0x3f
 1368 00dc 19       		.uleb128 0x19
 1369 00dd 3C       		.uleb128 0x3c
 1370 00de 19       		.uleb128 0x19
 1371 00df 00       		.byte	0
 1372 00e0 00       		.byte	0
 1373 00e1 10       		.uleb128 0x10
 1374 00e2 35       		.uleb128 0x35
 1375 00e3 00       		.byte	0
 1376 00e4 49       		.uleb128 0x49
 1377 00e5 13       		.uleb128 0x13
 1378 00e6 00       		.byte	0
 1379 00e7 00       		.byte	0
 1380 00e8 11       		.uleb128 0x11
 1381 00e9 34       		.uleb128 0x34
 1382 00ea 00       		.byte	0
 1383 00eb 03       		.uleb128 0x3
 1384 00ec 0E       		.uleb128 0xe
 1385 00ed 3A       		.uleb128 0x3a
 1386 00ee 0B       		.uleb128 0xb
 1387 00ef 3B       		.uleb128 0x3b
 1388 00f0 0B       		.uleb128 0xb
 1389 00f1 49       		.uleb128 0x49
 1390 00f2 13       		.uleb128 0x13
 1391 00f3 3F       		.uleb128 0x3f
 1392 00f4 19       		.uleb128 0x19
 1393 00f5 02       		.uleb128 0x2
 1394 00f6 18       		.uleb128 0x18
 1395 00f7 00       		.byte	0
 1396 00f8 00       		.byte	0
 1397 00f9 12       		.uleb128 0x12
 1398 00fa 2E       		.uleb128 0x2e
 1399 00fb 00       		.byte	0
 1400 00fc 3F       		.uleb128 0x3f
 1401 00fd 19       		.uleb128 0x19
 1402 00fe 03       		.uleb128 0x3
 1403 00ff 0E       		.uleb128 0xe
 1404 0100 3A       		.uleb128 0x3a
 1405 0101 0B       		.uleb128 0xb
 1406 0102 3B       		.uleb128 0x3b
 1407 0103 0B       		.uleb128 0xb
 1408 0104 27       		.uleb128 0x27
 1409 0105 19       		.uleb128 0x19
 1410 0106 3C       		.uleb128 0x3c
 1411 0107 19       		.uleb128 0x19
 1412 0108 00       		.byte	0
 1413 0109 00       		.byte	0
 1414 010a 13       		.uleb128 0x13
 1415 010b 2E       		.uleb128 0x2e
 1416 010c 01       		.byte	0x1
 1417 010d 3F       		.uleb128 0x3f
 1418 010e 19       		.uleb128 0x19
 1419 010f 03       		.uleb128 0x3
ARM GAS  C:\Users\Georgia\AppData\Local\Temp\ccJTlNFA.s 			page 29


 1420 0110 0E       		.uleb128 0xe
 1421 0111 3A       		.uleb128 0x3a
 1422 0112 0B       		.uleb128 0xb
 1423 0113 3B       		.uleb128 0x3b
 1424 0114 0B       		.uleb128 0xb
 1425 0115 27       		.uleb128 0x27
 1426 0116 19       		.uleb128 0x19
 1427 0117 3C       		.uleb128 0x3c
 1428 0118 19       		.uleb128 0x19
 1429 0119 01       		.uleb128 0x1
 1430 011a 13       		.uleb128 0x13
 1431 011b 00       		.byte	0
 1432 011c 00       		.byte	0
 1433 011d 14       		.uleb128 0x14
 1434 011e 05       		.uleb128 0x5
 1435 011f 00       		.byte	0
 1436 0120 49       		.uleb128 0x49
 1437 0121 13       		.uleb128 0x13
 1438 0122 00       		.byte	0
 1439 0123 00       		.byte	0
 1440 0124 15       		.uleb128 0x15
 1441 0125 2E       		.uleb128 0x2e
 1442 0126 00       		.byte	0
 1443 0127 3F       		.uleb128 0x3f
 1444 0128 19       		.uleb128 0x19
 1445 0129 03       		.uleb128 0x3
 1446 012a 0E       		.uleb128 0xe
 1447 012b 3A       		.uleb128 0x3a
 1448 012c 0B       		.uleb128 0xb
 1449 012d 3B       		.uleb128 0x3b
 1450 012e 0B       		.uleb128 0xb
 1451 012f 27       		.uleb128 0x27
 1452 0130 19       		.uleb128 0x19
 1453 0131 49       		.uleb128 0x49
 1454 0132 13       		.uleb128 0x13
 1455 0133 3C       		.uleb128 0x3c
 1456 0134 19       		.uleb128 0x19
 1457 0135 00       		.byte	0
 1458 0136 00       		.byte	0
 1459 0137 00       		.byte	0
 1460              		.section	.debug_aranges,"",%progbits
 1461 0000 4C000000 		.4byte	0x4c
 1462 0004 0200     		.2byte	0x2
 1463 0006 00000000 		.4byte	.Ldebug_info0
 1464 000a 04       		.byte	0x4
 1465 000b 00       		.byte	0
 1466 000c 0000     		.2byte	0
 1467 000e 0000     		.2byte	0
 1468 0010 00000000 		.4byte	.LFB65
 1469 0014 18000000 		.4byte	.LFE65-.LFB65
 1470 0018 00000000 		.4byte	.LFB64
 1471 001c 38000000 		.4byte	.LFE64-.LFB64
 1472 0020 00000000 		.4byte	.LFB66
 1473 0024 18000000 		.4byte	.LFE66-.LFB66
 1474 0028 00000000 		.4byte	.LFB67
 1475 002c 24000000 		.4byte	.LFE67-.LFB67
 1476 0030 00000000 		.4byte	.LFB68
ARM GAS  C:\Users\Georgia\AppData\Local\Temp\ccJTlNFA.s 			page 30


 1477 0034 24000000 		.4byte	.LFE68-.LFB68
 1478 0038 00000000 		.4byte	.LFB69
 1479 003c 24000000 		.4byte	.LFE69-.LFB69
 1480 0040 00000000 		.4byte	.LFB63
 1481 0044 BC000000 		.4byte	.LFE63-.LFB63
 1482 0048 00000000 		.4byte	0
 1483 004c 00000000 		.4byte	0
 1484              		.section	.debug_ranges,"",%progbits
 1485              	.Ldebug_ranges0:
 1486 0000 00000000 		.4byte	.LFB65
 1487 0004 18000000 		.4byte	.LFE65
 1488 0008 00000000 		.4byte	.LFB64
 1489 000c 38000000 		.4byte	.LFE64
 1490 0010 00000000 		.4byte	.LFB66
 1491 0014 18000000 		.4byte	.LFE66
 1492 0018 00000000 		.4byte	.LFB67
 1493 001c 24000000 		.4byte	.LFE67
 1494 0020 00000000 		.4byte	.LFB68
 1495 0024 24000000 		.4byte	.LFE68
 1496 0028 00000000 		.4byte	.LFB69
 1497 002c 24000000 		.4byte	.LFE69
 1498 0030 00000000 		.4byte	.LFB63
 1499 0034 BC000000 		.4byte	.LFE63
 1500 0038 00000000 		.4byte	0
 1501 003c 00000000 		.4byte	0
 1502              		.section	.debug_line,"",%progbits
 1503              	.Ldebug_line0:
 1504 0000 9E020000 		.section	.debug_str,"MS",%progbits,1
 1504      0200D301 
 1504      00000201 
 1504      FB0E0D00 
 1504      01010101 
 1505              	.LASF30:
 1506 0000 50574D5F 		.ascii	"PWM_1_Enable\000"
 1506      315F456E 
 1506      61626C65 
 1506      00
 1507              	.LASF36:
 1508 000d 50696E5F 		.ascii	"Pin_2_Write\000"
 1508      325F5772 
 1508      69746500 
 1509              	.LASF34:
 1510 0019 4750494F 		.ascii	"GPIO_PSOC1_Out_Write\000"
 1510      5F50534F 
 1510      43315F4F 
 1510      75745F57 
 1510      72697465 
 1511              	.LASF9:
 1512 002e 5F5F696E 		.ascii	"__int32_t\000"
 1512      7433325F 
 1512      7400
 1513              	.LASF21:
 1514 0038 6C656674 		.ascii	"left\000"
 1514      00
 1515              	.LASF3:
 1516 003d 73686F72 		.ascii	"short unsigned int\000"
 1516      7420756E 
ARM GAS  C:\Users\Georgia\AppData\Local\Temp\ccJTlNFA.s 			page 31


 1516      7369676E 
 1516      65642069 
 1516      6E7400
 1517              	.LASF14:
 1518 0050 646F7562 		.ascii	"double\000"
 1518      6C6500
 1519              	.LASF28:
 1520 0057 50696E5F 		.ascii	"Pin_4_Write\000"
 1520      345F5772 
 1520      69746500 
 1521              	.LASF39:
 1522 0063 50574D5F 		.ascii	"PWM_2_Stop\000"
 1522      325F5374 
 1522      6F7000
 1523              	.LASF45:
 1524 006e 4750494F 		.ascii	"GPIO_PSOC1_In_Handler\000"
 1524      5F50534F 
 1524      43315F49 
 1524      6E5F4861 
 1524      6E646C65 
 1525              	.LASF13:
 1526 0084 666C6F61 		.ascii	"float\000"
 1526      7400
 1527              	.LASF1:
 1528 008a 756E7369 		.ascii	"unsigned char\000"
 1528      676E6564 
 1528      20636861 
 1528      7200
 1529              	.LASF22:
 1530 0098 72696768 		.ascii	"right\000"
 1530      7400
 1531              	.LASF25:
 1532 009e 50574D5F 		.ascii	"PWM_1_Start\000"
 1532      315F5374 
 1532      61727400 
 1533              	.LASF46:
 1534 00aa 4750494F 		.ascii	"GPIO_PSOC1_In_ClearInterrupt\000"
 1534      5F50534F 
 1534      43315F49 
 1534      6E5F436C 
 1534      65617249 
 1535              	.LASF37:
 1536 00c7 50696E5F 		.ascii	"Pin_3_Write\000"
 1536      335F5772 
 1536      69746500 
 1537              	.LASF20:
 1538 00d3 73746F70 		.ascii	"stop\000"
 1538      00
 1539              	.LASF23:
 1540 00d8 49544D5F 		.ascii	"ITM_RxBuffer\000"
 1540      52784275 
 1540      66666572 
 1540      00
 1541              	.LASF5:
 1542 00e5 6C6F6E67 		.ascii	"long unsigned int\000"
 1542      20756E73 
 1542      69676E65 
ARM GAS  C:\Users\Georgia\AppData\Local\Temp\ccJTlNFA.s 			page 32


 1542      6420696E 
 1542      7400
 1543              	.LASF26:
 1544 00f7 50574D5F 		.ascii	"PWM_2_Start\000"
 1544      325F5374 
 1544      61727400 
 1545              	.LASF44:
 1546 0103 6D61696E 		.ascii	"main\000"
 1546      00
 1547              	.LASF35:
 1548 0108 4C45445F 		.ascii	"LED_pin_Write\000"
 1548      70696E5F 
 1548      57726974 
 1548      6500
 1549              	.LASF31:
 1550 0116 50574D5F 		.ascii	"PWM_1_Init\000"
 1550      315F496E 
 1550      697400
 1551              	.LASF12:
 1552 0121 75696E74 		.ascii	"uint32\000"
 1552      333200
 1553              	.LASF41:
 1554 0128 474E5520 		.ascii	"GNU C 4.9.3 20150303 (release) [ARM/embedded-4_9-br"
 1554      4320342E 
 1554      392E3320 
 1554      32303135 
 1554      30333033 
 1555 015b 616E6368 		.ascii	"anch revision 221220] -mcpu=cortex-m3 -mthumb -g -O"
 1555      20726576 
 1555      6973696F 
 1555      6E203232 
 1555      31323230 
 1556 018e 67202D66 		.ascii	"g -ffunction-sections -ffat-lto-objects\000"
 1556      66756E63 
 1556      74696F6E 
 1556      2D736563 
 1556      74696F6E 
 1557              	.LASF8:
 1558 01b6 756E7369 		.ascii	"unsigned int\000"
 1558      676E6564 
 1558      20696E74 
 1558      00
 1559              	.LASF7:
 1560 01c3 6C6F6E67 		.ascii	"long long unsigned int\000"
 1560      206C6F6E 
 1560      6720756E 
 1560      7369676E 
 1560      65642069 
 1561              	.LASF16:
 1562 01da 63796973 		.ascii	"cyisraddress\000"
 1562      72616464 
 1562      72657373 
 1562      00
 1563              	.LASF10:
 1564 01e7 696E7433 		.ascii	"int32_t\000"
 1564      325F7400 
 1565              	.LASF17:
ARM GAS  C:\Users\Georgia\AppData\Local\Temp\ccJTlNFA.s 			page 33


 1566 01ef 73697A65 		.ascii	"sizetype\000"
 1566      74797065 
 1566      00
 1567              	.LASF6:
 1568 01f8 6C6F6E67 		.ascii	"long long int\000"
 1568      206C6F6E 
 1568      6720696E 
 1568      7400
 1569              	.LASF42:
 1570 0206 6D61696E 		.ascii	"main.c\000"
 1570      2E6300
 1571              	.LASF15:
 1572 020d 63686172 		.ascii	"char\000"
 1572      00
 1573              	.LASF24:
 1574 0212 7475726E 		.ascii	"turned\000"
 1574      656400
 1575              	.LASF43:
 1576 0219 433A5C55 		.ascii	"C:\\Users\\Georgia\\Documents\\478-Lab\\Workspace01"
 1576      73657273 
 1576      5C47656F 
 1576      72676961 
 1576      5C446F63 
 1577 0247 5C46696E 		.ascii	"\\Final project.cydsn\000"
 1577      616C2070 
 1577      726F6A65 
 1577      63742E63 
 1577      7964736E 
 1578              	.LASF2:
 1579 025c 73686F72 		.ascii	"short int\000"
 1579      7420696E 
 1579      7400
 1580              	.LASF11:
 1581 0266 75696E74 		.ascii	"uint8\000"
 1581      3800
 1582              	.LASF32:
 1583 026c 50574D5F 		.ascii	"PWM_2_Enable\000"
 1583      325F456E 
 1583      61626C65 
 1583      00
 1584              	.LASF38:
 1585 0279 50574D5F 		.ascii	"PWM_1_Stop\000"
 1585      315F5374 
 1585      6F7000
 1586              	.LASF4:
 1587 0284 6C6F6E67 		.ascii	"long int\000"
 1587      20696E74 
 1587      00
 1588              	.LASF33:
 1589 028d 50574D5F 		.ascii	"PWM_2_Init\000"
 1589      325F496E 
 1589      697400
 1590              	.LASF18:
 1591 0298 666F7277 		.ascii	"forward\000"
 1591      61726400 
 1592              	.LASF0:
 1593 02a0 7369676E 		.ascii	"signed char\000"
ARM GAS  C:\Users\Georgia\AppData\Local\Temp\ccJTlNFA.s 			page 34


 1593      65642063 
 1593      68617200 
 1594              	.LASF27:
 1595 02ac 50696E5F 		.ascii	"Pin_1_Write\000"
 1595      315F5772 
 1595      69746500 
 1596              	.LASF29:
 1597 02b8 6973725F 		.ascii	"isr_1_StartEx\000"
 1597      315F5374 
 1597      61727445 
 1597      7800
 1598              	.LASF19:
 1599 02c6 6261636B 		.ascii	"back\000"
 1599      00
 1600              	.LASF40:
 1601 02cb 43794465 		.ascii	"CyDelay\000"
 1601      6C617900 
 1602              		.ident	"GCC: (GNU Tools for ARM Embedded Processors) 4.9.3 20150303 (release) [ARM/embedded-4_9-br
